Log for: Jin Huang
2019-11-21 11:48:50,459: special: Key.shift pressed
2019-11-21 11:48:50,568: T pressed
2019-11-21 11:48:50,615: T released
2019-11-21 11:48:50,639: special: Key.shift released
2019-11-21 11:48:50,808: h pressed
2019-11-21 11:48:50,863: h released
2019-11-21 11:48:51,144: e pressed
2019-11-21 11:48:51,343: e released
2019-11-21 11:48:51,591: special: Key.space pressed
2019-11-21 11:48:51,671: special: Key.space released
2019-11-21 11:48:52,336: i pressed
2019-11-21 11:48:52,391: i released
2019-11-21 11:48:52,992: t pressed
2019-11-21 11:48:53,055: t released
2019-11-21 11:48:53,152: s pressed
2019-11-21 11:48:53,215: s released
2019-11-21 11:48:53,423: y pressed
2019-11-21 11:48:53,479: y released
2019-11-21 11:48:54,408: special: Key.space pressed
2019-11-21 11:48:54,503: special: Key.space released
2019-11-21 11:48:55,408: b pressed
2019-11-21 11:48:55,487: b released
2019-11-21 11:48:55,688: i pressed
2019-11-21 11:48:55,759: i released
2019-11-21 11:48:56,168: t pressed
2019-11-21 11:48:56,247: t released
2019-11-21 11:48:56,591: s pressed
2019-11-21 11:48:56,671: s released
2019-11-21 11:48:56,864: y pressed
2019-11-21 11:48:56,919: y released
2019-11-21 11:48:57,672: special: Key.space pressed
2019-11-21 11:48:57,768: special: Key.space released
2019-11-21 11:48:58,432: s pressed
2019-11-21 11:48:58,487: s released
2019-11-21 11:48:58,511: p pressed
2019-11-21 11:48:58,567: p released
2019-11-21 11:48:58,663: i pressed
2019-11-21 11:48:58,719: i released
2019-11-21 11:48:58,751: d pressed
2019-11-21 11:48:58,807: d released
2019-11-21 11:48:58,895: e pressed
2019-11-21 11:48:58,975: e released
2019-11-21 11:48:59,071: r pressed
2019-11-21 11:48:59,135: r released
2019-11-21 11:48:59,175: special: Key.space pressed
2019-11-21 11:48:59,239: special: Key.space released
2019-11-21 11:49:00,168: c pressed
2019-11-21 11:49:00,223: c released
2019-11-21 11:49:00,272: l pressed
2019-11-21 11:49:00,335: l released
2019-11-21 11:49:00,495: i pressed
2019-11-21 11:49:00,551: i released
2019-11-21 11:49:00,960: m pressed
2019-11-21 11:49:01,015: m released
2019-11-21 11:49:01,183: b pressed
2019-11-21 11:49:01,239: b released
2019-11-21 11:49:01,287: e pressed
2019-11-21 11:49:01,335: e released
2019-11-21 11:49:01,439: d pressed
2019-11-21 11:49:01,511: d released
2019-11-21 11:49:02,392: special: Key.space pressed
2019-11-21 11:49:02,471: special: Key.space released
2019-11-21 11:49:02,728: u pressed
2019-11-21 11:49:02,799: u released
2019-11-21 11:49:03,239: p pressed
2019-11-21 11:49:03,312: p released
2019-11-21 11:49:03,551: special: Key.space pressed
2019-11-21 11:49:03,607: special: Key.space released
2019-11-21 11:49:05,699: t pressed
2019-11-21 11:49:05,751: t released
2019-11-21 11:49:05,871: h pressed
2019-11-21 11:49:05,919: h released
2019-11-21 11:49:05,943: e pressed
2019-11-21 11:49:05,991: e released
2019-11-21 11:49:06,087: special: Key.space pressed
2019-11-21 11:49:06,151: special: Key.space released
2019-11-21 11:49:07,168: w pressed
2019-11-21 11:49:07,223: w released
2019-11-21 11:49:07,343: a pressed
2019-11-21 11:49:07,416: a released
2019-11-21 11:49:07,535: t pressed
2019-11-21 11:49:07,591: t released
2019-11-21 11:49:07,687: e pressed
2019-11-21 11:49:07,759: e released
2019-11-21 11:49:07,855: r pressed
2019-11-21 11:49:07,919: r released
2019-11-21 11:49:11,024: s pressed
2019-11-21 11:49:11,120: s released
2019-11-21 11:49:11,175: p pressed
2019-11-21 11:49:11,231: p released
2019-11-21 11:49:11,343: o pressed
2019-11-21 11:49:11,399: o released
2019-11-21 11:49:11,568: u pressed
2019-11-21 11:49:11,631: u released
2019-11-21 11:49:11,824: t pressed
2019-11-21 11:49:11,879: t released
2019-11-21 11:49:13,040: . pressed
2019-11-21 11:49:13,127: . released
2019-11-21 11:49:13,351: special: Key.space pressed
2019-11-21 11:49:13,423: special: Key.space released
2019-11-21 11:49:15,193: special: Key.shift pressed
2019-11-21 11:49:15,327: D pressed
2019-11-21 11:49:15,375: D released
2019-11-21 11:49:15,399: special: Key.shift released
2019-11-21 11:49:15,736: o pressed
2019-11-21 11:49:15,847: o released
2019-11-21 11:49:15,919: w pressed
2019-11-21 11:49:15,982: w released
2019-11-21 11:49:16,015: n pressed
2019-11-21 11:49:16,079: n released
2019-11-21 11:49:16,175: special: Key.space pressed
2019-11-21 11:49:16,246: special: Key.space released
2019-11-21 11:49:17,480: c pressed
2019-11-21 11:49:17,543: c released
2019-11-21 11:49:17,680: a pressed
2019-11-21 11:49:17,751: a released
2019-11-21 11:49:17,815: m pressed
2019-11-21 11:49:17,879: m released
2019-11-21 11:49:17,967: special: Key.space pressed
2019-11-21 11:49:17,991: e pressed
2019-11-21 11:49:18,022: special: Key.space released
2019-11-21 11:49:18,023: e released
2019-11-21 11:49:18,143: t pressed
2019-11-21 11:49:18,215: t released
2019-11-21 11:49:18,311: h pressed
2019-11-21 11:49:18,382: h released
2019-11-21 11:49:18,407: e pressed
2019-11-21 11:49:18,454: e released
2019-11-21 11:49:18,479: special: Key.space pressed
2019-11-21 11:49:18,526: special: Key.space released
2019-11-21 11:49:19,504: special: Key.backspace pressed
2019-11-21 11:49:19,551: special: Key.backspace released
2019-11-21 11:49:19,672: special: Key.backspace pressed
2019-11-21 11:49:19,727: special: Key.backspace released
2019-11-21 11:49:19,831: special: Key.backspace pressed
2019-11-21 11:49:19,894: special: Key.backspace released
2019-11-21 11:49:19,983: special: Key.backspace pressed
2019-11-21 11:49:20,054: special: Key.backspace released
2019-11-21 11:49:20,471: special: Key.backspace pressed
2019-11-21 11:49:20,534: special: Key.backspace released
2019-11-21 11:49:20,639: special: Key.backspace pressed
2019-11-21 11:49:20,711: special: Key.backspace released
2019-11-21 11:49:21,320: e pressed
2019-11-21 11:49:21,375: e released
2019-11-21 11:49:21,415: special: Key.space pressed
2019-11-21 11:49:21,487: special: Key.space released
2019-11-21 11:49:21,567: t pressed
2019-11-21 11:49:21,630: t released
2019-11-21 11:49:21,728: h pressed
2019-11-21 11:49:21,799: h released
2019-11-21 11:49:21,823: e pressed
2019-11-21 11:49:21,870: e released
2019-11-21 11:49:21,887: special: Key.space pressed
2019-11-21 11:49:21,958: special: Key.space released
2019-11-21 11:49:22,127: r pressed
2019-11-21 11:49:22,198: r released
2019-11-21 11:49:22,479: a pressed
2019-11-21 11:49:22,550: a released
2019-11-21 11:49:22,792: i pressed
2019-11-21 11:49:22,839: i released
2019-11-21 11:49:22,991: n pressed
2019-11-21 11:49:23,046: n released
2019-11-21 11:49:23,880: . pressed
2019-11-21 11:49:23,926: . released
2019-11-21 11:49:24,399: special: Key.space pressed
2019-11-21 11:49:24,455: special: Key.space released
2019-11-21 11:49:30,528: special: Key.backspace pressed
2019-11-21 11:49:30,575: special: Key.backspace released
2019-11-21 11:49:30,711: special: Key.backspace pressed
2019-11-21 11:49:30,766: special: Key.backspace released
2019-11-21 11:49:32,296: special: Key.space pressed
2019-11-21 11:49:32,399: special: Key.space released
2019-11-21 11:49:32,655: a pressed
2019-11-21 11:49:32,735: a released
2019-11-21 11:49:32,799: n pressed
2019-11-21 11:49:32,854: n released
2019-11-21 11:49:32,952: d pressed
2019-11-21 11:49:33,015: d released
2019-11-21 11:49:33,047: special: Key.space pressed
2019-11-21 11:49:33,126: special: Key.space released
2019-11-21 11:49:37,600: w pressed
2019-11-21 11:49:37,670: w released
2019-11-21 11:49:37,791: a pressed
2019-11-21 11:49:37,846: a released
2019-11-21 11:49:37,967: s pressed
2019-11-21 11:49:38,030: s released
2019-11-21 11:49:38,071: h pressed
2019-11-21 11:49:38,142: h released
2019-11-21 11:49:38,191: e pressed
2019-11-21 11:49:38,262: e released
2019-11-21 11:49:38,367: d pressed
2019-11-21 11:49:38,438: d released
2019-11-21 11:49:38,463: special: Key.space pressed
2019-11-21 11:49:38,534: special: Key.space released
2019-11-21 11:49:40,064: t pressed
2019-11-21 11:49:40,119: t released
2019-11-21 11:49:40,239: h pressed
2019-11-21 11:49:40,302: h released
2019-11-21 11:49:40,327: e pressed
2019-11-21 11:49:40,374: e released
2019-11-21 11:49:40,447: special: Key.space pressed
2019-11-21 11:49:40,526: special: Key.space released
2019-11-21 11:49:41,496: s pressed
2019-11-21 11:49:41,550: s released
2019-11-21 11:49:42,095: i pressed
2019-11-21 11:49:42,151: i released
2019-11-21 11:49:48,304: special: Key.backspace pressed
2019-11-21 11:49:48,351: special: Key.backspace released
2019-11-21 11:49:48,871: special: Key.backspace pressed
2019-11-21 11:49:48,926: special: Key.backspace released
2019-11-21 11:49:49,432: s pressed
2019-11-21 11:49:49,503: s released
2019-11-21 11:49:49,535: p pressed
2019-11-21 11:49:49,590: p released
2019-11-21 11:49:49,727: i pressed
2019-11-21 11:49:49,790: i released
2019-11-21 11:49:49,879: d pressed
2019-11-21 11:49:49,958: d released
2019-11-21 11:49:50,055: e pressed
2019-11-21 11:49:50,126: e released
2019-11-21 11:49:50,215: r pressed
2019-11-21 11:49:50,278: r released
2019-11-21 11:49:50,302: special: Key.space pressed
2019-11-21 11:49:50,399: special: Key.space released
2019-11-21 11:49:51,664: o pressed
2019-11-21 11:49:51,735: o released
2019-11-21 11:49:51,935: u pressed
2019-11-21 11:49:51,990: u released
2019-11-21 11:49:52,143: t pressed
2019-11-21 11:49:52,206: t released
2019-11-21 11:49:53,256: . pressed
2019-11-21 11:49:53,319: . released
2019-11-21 11:49:55,560: special: Key.space pressed
2019-11-21 11:49:55,622: special: Key.space released
2019-11-21 11:49:56,704: special: Key.backspace pressed
2019-11-21 11:49:56,782: special: Key.backspace released
2019-11-21 11:49:56,903: special: Key.backspace pressed
2019-11-21 11:49:56,982: special: Key.backspace released
2019-11-21 11:49:57,920: . pressed
2019-11-21 11:49:57,998: . released
2019-11-21 11:50:12,128: special: Key.shift pressed
2019-11-21 11:50:12,279: M pressed
2019-11-21 11:50:12,319: special: Key.shift released
2019-11-21 11:50:12,320: m released
2019-11-21 11:50:12,519: a pressed
2019-11-21 11:50:12,590: a released
2019-11-21 11:50:13,048: r pressed
2019-11-21 11:50:13,134: r released
2019-11-21 11:50:13,263: y pressed
2019-11-21 11:50:13,326: y released
2019-11-21 11:50:13,479: special: Key.space pressed
2019-11-21 11:50:13,526: special: Key.space released
2019-11-21 11:50:13,935: h pressed
2019-11-21 11:50:13,991: h released
2019-11-21 11:50:14,031: a pressed
2019-11-21 11:50:14,102: a released
2019-11-21 11:50:14,263: d pressed
2019-11-21 11:50:14,326: d released
2019-11-21 11:50:14,407: special: Key.space pressed
2019-11-21 11:50:14,478: special: Key.space released
2019-11-21 11:50:14,703: a pressed
2019-11-21 11:50:14,774: a released
2019-11-21 11:50:14,807: special: Key.space pressed
2019-11-21 11:50:14,887: special: Key.space released
2019-11-21 11:50:15,423: l pressed
2019-11-21 11:50:15,486: l released
2019-11-21 11:50:15,631: i pressed
2019-11-21 11:50:15,686: i released
2019-11-21 11:50:15,855: t pressed
2019-11-21 11:50:15,919: t released
2019-11-21 11:50:16,007: t pressed
2019-11-21 11:50:16,086: t released
2019-11-21 11:50:16,247: l pressed
2019-11-21 11:50:16,310: l released
2019-11-21 11:50:16,343: e pressed
2019-11-21 11:50:16,398: e released
2019-11-21 11:50:16,471: special: Key.space pressed
2019-11-21 11:50:16,558: special: Key.space released
2019-11-21 11:50:17,095: l pressed
2019-11-21 11:50:17,150: l released
2019-11-21 11:50:17,214: a pressed
2019-11-21 11:50:17,270: a released
2019-11-21 11:50:17,390: m pressed
2019-11-21 11:50:17,462: m released
2019-11-21 11:50:17,622: b pressed
2019-11-21 11:50:17,678: b released
2019-11-21 11:50:21,232: , pressed
2019-11-21 11:50:21,302: , released
2019-11-21 11:50:21,775: special: Key.space pressed
2019-11-21 11:50:21,862: special: Key.space released
2019-11-21 11:50:22,624: special: Key.shift pressed
2019-11-21 11:50:22,767: W pressed
2019-11-21 11:50:22,815: special: Key.shift released
2019-11-21 11:50:22,838: w released
2019-11-21 11:50:23,287: h pressed
2019-11-21 11:50:23,358: h released
2019-11-21 11:50:23,743: o pressed
2019-11-21 11:50:23,798: o released
2019-11-21 11:50:24,039: s pressed
2019-11-21 11:50:24,119: s released
2019-11-21 11:50:24,327: e pressed
2019-11-21 11:50:24,406: e released
2019-11-21 11:50:24,503: special: Key.space pressed
2019-11-21 11:50:24,590: special: Key.space released
2019-11-21 11:50:25,288: f pressed
2019-11-21 11:50:25,334: f released
2019-11-21 11:50:25,527: l pressed
2019-11-21 11:50:25,582: l released
2019-11-21 11:50:25,670: e pressed
2019-11-21 11:50:25,734: e released
2019-11-21 11:50:25,839: e pressed
2019-11-21 11:50:25,918: e released
2019-11-21 11:50:26,568: c pressed
2019-11-21 11:50:26,622: c released
2019-11-21 11:50:26,767: e pressed
2019-11-21 11:50:26,822: e released
2019-11-21 11:50:27,031: special: Key.space pressed
2019-11-21 11:50:27,127: special: Key.space released
2019-11-21 11:50:27,303: w pressed
2019-11-21 11:50:27,382: w released
2019-11-21 11:50:27,510: a pressed
2019-11-21 11:50:27,566: a released
2019-11-21 11:50:27,670: s pressed
2019-11-21 11:50:27,750: s released
2019-11-21 11:50:27,775: special: Key.space pressed
2019-11-21 11:50:27,838: special: Key.space released
2019-11-21 11:50:28,543: w pressed
2019-11-21 11:50:28,598: w released
2019-11-21 11:50:28,662: h pressed
2019-11-21 11:50:28,735: h released
2019-11-21 11:50:28,775: i pressed
2019-11-21 11:50:28,830: i released
2019-11-21 11:50:28,967: t pressed
2019-11-21 11:50:29,038: t released
2019-11-21 11:50:29,110: e pressed
2019-11-21 11:50:29,175: e released
2019-11-21 11:50:29,199: special: Key.space pressed
2019-11-21 11:50:29,278: special: Key.space released
2019-11-21 11:50:29,310: a pressed
2019-11-21 11:50:29,398: a released
2019-11-21 11:50:29,502: s pressed
2019-11-21 11:50:29,534: d pressed
2019-11-21 11:50:29,558: d released
2019-11-21 11:50:29,582: s released
2019-11-21 11:50:29,582: special: Key.space pressed
2019-11-21 11:50:29,662: special: Key.space released
2019-11-21 11:50:30,224: special: Key.backspace pressed
2019-11-21 11:50:30,270: special: Key.backspace released
2019-11-21 11:50:30,398: special: Key.backspace pressed
2019-11-21 11:50:30,454: special: Key.backspace released
2019-11-21 11:50:30,542: special: Key.backspace pressed
2019-11-21 11:50:30,622: special: Key.backspace released
2019-11-21 11:50:30,751: special: Key.backspace pressed
2019-11-21 11:50:30,814: special: Key.backspace released
2019-11-21 11:50:31,943: a pressed
2019-11-21 11:50:32,046: a released
2019-11-21 11:50:32,150: s pressed
2019-11-21 11:50:32,214: s released
2019-11-21 11:50:32,295: special: Key.space pressed
2019-11-21 11:50:32,366: special: Key.space released
2019-11-21 11:50:32,999: w pressed
2019-11-21 11:50:33,054: w released
2019-11-21 11:50:33,118: n pressed
2019-11-21 11:50:33,206: n released
2019-11-21 11:50:33,303: o pressed
2019-11-21 11:50:33,382: o released
2019-11-21 11:50:33,791: special: Key.backspace pressed
2019-11-21 11:50:33,846: special: Key.backspace released
2019-11-21 11:50:33,967: special: Key.backspace pressed
2019-11-21 11:50:34,006: special: Key.backspace released
2019-11-21 11:50:34,343: special: Key.backspace pressed
2019-11-21 11:50:34,398: special: Key.backspace released
2019-11-21 11:50:34,686: s pressed
2019-11-21 11:50:34,742: s released
2019-11-21 11:50:34,806: n pressed
2019-11-21 11:50:34,878: n released
2019-11-21 11:50:34,934: o pressed
2019-11-21 11:50:34,982: o released
2019-11-21 11:50:35,038: w pressed
2019-11-21 11:50:35,086: w released
2019-11-21 11:50:36,095: . pressed
2019-11-21 11:50:36,158: . released
2019-11-21 11:50:36,527: special: Key.space pressed
2019-11-21 11:50:36,606: special: Key.space released
2019-11-21 11:50:36,872: special: Key.shift pressed
2019-11-21 11:50:37,079: A pressed
2019-11-21 11:50:37,182: special: Key.shift released
2019-11-21 11:50:37,183: a released
2019-11-21 11:50:37,254: n pressed
2019-11-21 11:50:37,310: n released
2019-11-21 11:50:37,391: d pressed
2019-11-21 11:50:37,454: d released
2019-11-21 11:50:37,510: special: Key.space pressed
2019-11-21 11:50:37,598: special: Key.space released
2019-11-21 11:50:38,616: e pressed
2019-11-21 11:50:38,686: e released
2019-11-21 11:50:38,823: v pressed
2019-11-21 11:50:38,886: v released
2019-11-21 11:50:39,038: e pressed
2019-11-21 11:50:39,110: e released
2019-11-21 11:50:39,222: r pressed
2019-11-21 11:50:39,286: r released
2019-11-21 11:50:39,471: y pressed
2019-11-21 11:50:39,534: y released
2019-11-21 11:50:40,079: w pressed
2019-11-21 11:50:40,150: w released
2019-11-21 11:50:40,206: h pressed
2019-11-21 11:50:40,262: h released
2019-11-21 11:50:40,358: e pressed
2019-11-21 11:50:40,463: e released
2019-11-21 11:50:40,574: r pressed
2019-11-21 11:50:40,638: r released
2019-11-21 11:50:40,823: e pressed
2019-11-21 11:50:40,950: e released
2019-11-21 11:50:41,046: special: Key.space pressed
2019-11-21 11:50:41,150: special: Key.space released
2019-11-21 11:50:41,863: t pressed
2019-11-21 11:50:41,926: t released
2019-11-21 11:50:42,046: h pressed
2019-11-21 11:50:42,102: h released
2019-11-21 11:50:42,142: a pressed
2019-11-21 11:50:42,198: a released
2019-11-21 11:50:42,222: t pressed
2019-11-21 11:50:42,302: t released
2019-11-21 11:50:42,350: special: Key.space pressed
2019-11-21 11:50:42,422: special: Key.space released
2019-11-21 11:50:43,736: special: Key.shift pressed
2019-11-21 11:50:43,871: M pressed
2019-11-21 11:50:43,902: special: Key.shift released
2019-11-21 11:50:43,926: m released
2019-11-21 11:50:44,030: a pressed
2019-11-21 11:50:44,118: a released
2019-11-21 11:50:44,310: r pressed
2019-11-21 11:50:44,366: r released
2019-11-21 11:50:44,414: y pressed
2019-11-21 11:50:44,470: y released
2019-11-21 11:50:44,551: special: Key.space pressed
2019-11-21 11:50:44,630: special: Key.space released
2019-11-21 11:50:45,031: w pressed
2019-11-21 11:50:45,110: w released
2019-11-21 11:50:45,230: e pressed
2019-11-21 11:50:45,278: e released
2019-11-21 11:50:45,334: n pressed
2019-11-21 11:50:45,398: n released
2019-11-21 11:50:45,567: t pressed
2019-11-21 11:50:45,606: t released
2019-11-21 11:50:47,175: , pressed
2019-11-21 11:50:47,230: , released
2019-11-21 11:50:47,342: special: Key.space pressed
2019-11-21 11:50:47,422: special: Key.space released
2019-11-21 11:50:47,831: t pressed
2019-11-21 11:50:47,894: t released
2019-11-21 11:50:48,014: h pressed
2019-11-21 11:50:48,078: h released
2019-11-21 11:50:48,142: e pressed
2019-11-21 11:50:48,206: e released
2019-11-21 11:50:48,286: special: Key.space pressed
2019-11-21 11:50:48,350: special: Key.space released
2019-11-21 11:50:48,696: special: Key.backspace pressed
2019-11-21 11:50:48,718: special: Key.backspace released
2019-11-21 11:50:48,870: special: Key.backspace pressed
2019-11-21 11:50:48,926: special: Key.backspace released
2019-11-21 11:50:49,038: special: Key.backspace pressed
2019-11-21 11:50:49,110: special: Key.backspace released
2019-11-21 11:50:50,455: special: Key.backspace pressed
2019-11-21 11:50:50,510: special: Key.backspace released
2019-11-21 11:50:50,752: special: Key.shift pressed
2019-11-21 11:50:50,918: T pressed
2019-11-21 11:50:50,942: special: Key.shift released
2019-11-21 11:50:50,982: t released
2019-11-21 11:50:51,118: h pressed
2019-11-21 11:50:51,174: h released
2019-11-21 11:50:51,214: e pressed
2019-11-21 11:50:51,270: e released
2019-11-21 11:50:51,326: special: Key.space pressed
2019-11-21 11:50:51,414: special: Key.space released
2019-11-21 11:50:51,967: l pressed
2019-11-21 11:50:52,022: l released
2019-11-21 11:50:52,078: a pressed
2019-11-21 11:50:52,142: a released
2019-11-21 11:50:52,238: m pressed
2019-11-21 11:50:52,310: m released
2019-11-21 11:50:52,455: b pressed
2019-11-21 11:50:52,518: b released
2019-11-21 11:50:52,606: special: Key.space pressed
2019-11-21 11:50:52,686: special: Key.space released
2019-11-21 11:50:52,783: w pressed
2019-11-21 11:50:52,902: w released
2019-11-21 11:50:52,990: a pressed
2019-11-21 11:50:53,070: a released
2019-11-21 11:50:53,150: s pressed
2019-11-21 11:50:53,230: s released
2019-11-21 11:50:53,246: special: Key.space pressed
2019-11-21 11:50:53,326: special: Key.space released
2019-11-21 11:51:02,319: s pressed
2019-11-21 11:51:02,406: s released
2019-11-21 11:51:02,462: u pressed
2019-11-21 11:51:02,518: u released
2019-11-21 11:51:02,598: r pressed
2019-11-21 11:51:02,662: r released
2019-11-21 11:51:02,766: e pressed
2019-11-21 11:51:02,838: e released
2019-11-21 11:51:02,862: special: Key.space pressed
2019-11-21 11:51:02,942: special: Key.space released
2019-11-21 11:51:03,006: t pressed
2019-11-21 11:51:03,086: t released
2019-11-21 11:51:03,110: o pressed
2019-11-21 11:51:03,158: o released
2019-11-21 11:51:03,238: special: Key.space pressed
2019-11-21 11:51:03,310: special: Key.space released
2019-11-21 11:51:04,079: g pressed
2019-11-21 11:51:04,142: g released
2019-11-21 11:51:04,238: o pressed
2019-11-21 11:51:04,302: o released
2019-11-21 11:51:04,703: . pressed
2019-11-21 11:51:04,758: . released
2019-11-21 11:51:15,896: special: Key.shift pressed
2019-11-21 11:51:16,070: H pressed
2019-11-21 11:51:16,119: special: Key.shift released
2019-11-21 11:51:16,134: h released
2019-11-21 11:51:16,198: u pressed
2019-11-21 11:51:16,262: u released
2019-11-21 11:51:16,398: m pressed
2019-11-21 11:51:16,462: m released
2019-11-21 11:51:17,639: p pressed
2019-11-21 11:51:17,702: p released
2019-11-21 11:51:18,727: t pressed
2019-11-21 11:51:18,790: t released
2019-11-21 11:51:18,975: y pressed
2019-11-21 11:51:19,030: y released
2019-11-21 11:51:19,407: special: Key.space pressed
2019-11-21 11:51:19,478: special: Key.space released
2019-11-21 11:51:19,856: special: Key.shift pressed
2019-11-21 11:51:20,246: D pressed
2019-11-21 11:51:20,262: special: Key.shift released
2019-11-21 11:51:20,286: d released
2019-11-21 11:51:20,558: u pressed
2019-11-21 11:51:20,622: u released
2019-11-21 11:51:20,782: m pressed
2019-11-21 11:51:20,854: m released
2019-11-21 11:51:21,070: p pressed
2019-11-21 11:51:21,134: p released
2019-11-21 11:51:21,423: t pressed
2019-11-21 11:51:21,486: t released
2019-11-21 11:51:21,630: y pressed
2019-11-21 11:51:21,686: y released
2019-11-21 11:51:21,942: special: Key.space pressed
2019-11-21 11:51:22,022: special: Key.space released
2019-11-21 11:51:22,543: s pressed
2019-11-21 11:51:22,614: s released
2019-11-21 11:51:22,718: a pressed
2019-11-21 11:51:22,790: a released
2019-11-21 11:51:22,878: t pressed
2019-11-21 11:51:22,966: t released
2019-11-21 11:51:23,190: special: Key.space pressed
2019-11-21 11:51:23,278: special: Key.space released
2019-11-21 11:51:23,959: o pressed
2019-11-21 11:51:24,014: o released
2019-11-21 11:51:24,134: n pressed
2019-11-21 11:51:24,190: n released
2019-11-21 11:51:24,278: special: Key.space pressed
2019-11-21 11:51:24,342: special: Key.space released
2019-11-21 11:51:24,407: a pressed
2019-11-21 11:51:24,478: a released
2019-11-21 11:51:24,518: special: Key.space pressed
2019-11-21 11:51:24,574: special: Key.space released
2019-11-21 11:51:24,654: w pressed
2019-11-21 11:51:24,710: w released
2019-11-21 11:51:24,846: a pressed
2019-11-21 11:51:24,918: a released
2019-11-21 11:51:24,966: l pressed
2019-11-21 11:51:25,014: l released
2019-11-21 11:51:25,118: l pressed
2019-11-21 11:51:25,190: l released
2019-11-21 11:51:25,807: , pressed
2019-11-21 11:51:25,886: , released
2019-11-21 11:51:26,094: special: Key.space pressed
2019-11-21 11:51:26,182: special: Key.space released
2019-11-21 11:51:32,616: special: Key.shift pressed
2019-11-21 11:51:32,719: H pressed
2019-11-21 11:51:32,742: special: Key.shift released
2019-11-21 11:51:32,790: h released
2019-11-21 11:51:32,870: u pressed
2019-11-21 11:51:32,918: u released
2019-11-21 11:51:33,046: m pressed
2019-11-21 11:51:33,158: m released
2019-11-21 11:51:33,294: p pressed
2019-11-21 11:51:33,365: p released
2019-11-21 11:51:33,566: y pressed
2019-11-21 11:51:33,598: u pressed
2019-11-21 11:51:33,622: u released
2019-11-21 11:51:33,637: y released
2019-11-21 11:51:34,927: special: Key.backspace pressed
2019-11-21 11:51:34,990: special: Key.backspace released
2019-11-21 11:51:35,414: special: Key.space pressed
2019-11-21 11:51:35,461: special: Key.space released
2019-11-21 11:51:36,496: special: Key.shift pressed
2019-11-21 11:51:36,847: special: Key.shift released
2019-11-21 11:51:36,982: special: Key.shift pressed
2019-11-21 11:51:37,270: special: Key.shift released
2019-11-21 11:51:40,287: special: Key.backspace pressed
2019-11-21 11:51:40,382: special: Key.backspace released
2019-11-21 11:51:40,494: special: Key.backspace pressed
2019-11-21 11:51:40,541: special: Key.backspace released
2019-11-21 11:51:41,591: t pressed
2019-11-21 11:51:41,678: t released
2019-11-21 11:51:41,775: y pressed
2019-11-21 11:51:41,838: y released
2019-11-21 11:51:47,911: special: Key.space pressed
2019-11-21 11:51:47,982: special: Key.space released
2019-11-21 11:51:48,415: special: Key.shift pressed
2019-11-21 11:51:48,598: D pressed
2019-11-21 11:51:48,678: special: Key.shift released
2019-11-21 11:51:48,702: d released
2019-11-21 11:51:48,774: u pressed
2019-11-21 11:51:48,854: u released
2019-11-21 11:51:48,974: m pressed
2019-11-21 11:51:49,029: m released
2019-11-21 11:51:50,703: p pressed
2019-11-21 11:51:50,766: p released
2019-11-21 11:51:51,135: t pressed
2019-11-21 11:51:51,190: t released
2019-11-21 11:51:51,302: y pressed
2019-11-21 11:51:51,358: y released
2019-11-21 11:51:51,654: special: Key.space pressed
2019-11-21 11:51:51,734: special: Key.space released
2019-11-21 11:51:52,535: h pressed
2019-11-21 11:51:52,598: h released
2019-11-21 11:51:52,662: a pressed
2019-11-21 11:51:52,758: a released
2019-11-21 11:51:52,990: d pressed
2019-11-21 11:51:53,054: d released
2019-11-21 11:51:53,190: special: Key.space pressed
2019-11-21 11:51:53,246: special: Key.space released
2019-11-21 11:51:53,334: a pressed
2019-11-21 11:51:53,397: a released
2019-11-21 11:51:53,454: special: Key.space pressed
2019-11-21 11:51:53,517: special: Key.space released
2019-11-21 11:51:54,223: g pressed
2019-11-21 11:51:54,294: g released
2019-11-21 11:51:54,342: r pressed
2019-11-21 11:51:54,413: r released
2019-11-21 11:51:54,526: e pressed
2019-11-21 11:51:54,605: e released
2019-11-21 11:51:54,734: a pressed
2019-11-21 11:51:54,829: a released
2019-11-21 11:51:54,846: t pressed
2019-11-21 11:51:54,909: t released
2019-11-21 11:51:55,270: special: Key.space pressed
2019-11-21 11:51:55,357: special: Key.space released
2019-11-21 11:51:55,903: f pressed
2019-11-21 11:51:55,965: f released
2019-11-21 11:51:56,022: a pressed
2019-11-21 11:51:56,078: a released
2019-11-21 11:51:56,438: l pressed
2019-11-21 11:51:56,493: l released
2019-11-21 11:51:56,614: l pressed
2019-11-21 11:51:56,669: l released
2019-11-21 11:51:57,255: . pressed
2019-11-21 11:51:57,333: . released
2019-11-21 11:51:58,271: special: Key.space pressed
2019-11-21 11:51:58,358: special: Key.space released
2019-11-21 11:51:58,606: special: Key.shift pressed
2019-11-21 11:51:58,870: A pressed
2019-11-21 11:51:58,910: special: Key.shift released
2019-11-21 11:51:58,981: a released
2019-11-21 11:51:59,190: l pressed
2019-11-21 11:51:59,229: l released
2019-11-21 11:51:59,382: l pressed
2019-11-21 11:51:59,437: l released
2019-11-21 11:51:59,582: special: Key.space pressed
2019-11-21 11:51:59,653: special: Key.space released
2019-11-21 11:52:02,207: t pressed
2019-11-21 11:52:02,270: t released
2019-11-21 11:52:02,390: h pressed
2019-11-21 11:52:02,453: h released
2019-11-21 11:52:02,494: e pressed
2019-11-21 11:52:02,565: e released
2019-11-21 11:52:02,614: special: Key.space pressed
2019-11-21 11:52:02,710: special: Key.space released
2019-11-21 11:52:04,295: k pressed
2019-11-21 11:52:04,365: k released
2019-11-21 11:52:04,454: i pressed
2019-11-21 11:52:04,509: i released
2019-11-21 11:52:04,662: n pressed
2019-11-21 11:52:04,725: n released
2019-11-21 11:52:04,854: g pressed
2019-11-21 11:52:04,909: g released
2019-11-21 11:52:10,727: ' pressed
2019-11-21 11:52:10,797: ' released
2019-11-21 11:52:12,351: s pressed
2019-11-21 11:52:12,413: s released
2019-11-21 11:52:12,454: special: Key.space pressed
2019-11-21 11:52:12,509: special: Key.space released
2019-11-21 11:52:12,678: h pressed
2019-11-21 11:52:12,749: h released
2019-11-21 11:52:12,878: o pressed
2019-11-21 11:52:12,957: o released
2019-11-21 11:52:12,997: r pressed
2019-11-21 11:52:13,061: r released
2019-11-21 11:52:13,230: s pressed
2019-11-21 11:52:13,317: s released
2019-11-21 11:52:13,422: e pressed
2019-11-21 11:52:13,486: e released
2019-11-21 11:52:14,623: a pressed
2019-11-21 11:52:14,693: a released
2019-11-21 11:52:14,758: n pressed
2019-11-21 11:52:14,821: n released
2019-11-21 11:52:14,886: d pressed
2019-11-21 11:52:14,941: d released
2019-11-21 11:52:14,973: special: Key.space pressed
2019-11-21 11:52:15,029: special: Key.space released
2019-11-21 11:52:17,055: special: Key.backspace pressed
2019-11-21 11:52:17,101: special: Key.backspace released
2019-11-21 11:52:17,214: special: Key.backspace pressed
2019-11-21 11:52:17,261: special: Key.backspace released
2019-11-21 11:52:17,365: special: Key.backspace pressed
2019-11-21 11:52:17,413: special: Key.backspace released
2019-11-21 11:52:17,790: special: Key.backspace pressed
2019-11-21 11:52:17,869: special: Key.backspace released
2019-11-21 11:52:18,518: s pressed
2019-11-21 11:52:18,582: s released
2019-11-21 11:52:18,646: special: Key.space pressed
2019-11-21 11:52:18,725: special: Key.space released
2019-11-21 11:52:18,758: a pressed
2019-11-21 11:52:18,837: a released
2019-11-21 11:52:18,869: n pressed
2019-11-21 11:52:18,925: n released
2019-11-21 11:52:18,991: d pressed
2019-11-21 11:52:19,069: d released
2019-11-21 11:52:19,070: special: Key.space pressed
2019-11-21 11:52:19,133: special: Key.space released
2019-11-21 11:52:20,095: a pressed
2019-11-21 11:52:20,165: a released
2019-11-21 11:52:20,318: l pressed
2019-11-21 11:52:20,373: l released
2019-11-21 11:52:20,453: l pressed
2019-11-21 11:52:20,517: l released
2019-11-21 11:52:20,622: special: Key.space pressed
2019-11-21 11:52:20,766: special: Key.space released
2019-11-21 11:52:20,998: t pressed
2019-11-21 11:52:21,053: t released
2019-11-21 11:52:21,190: h pressed
2019-11-21 11:52:21,245: h released
2019-11-21 11:52:21,269: e pressed
2019-11-21 11:52:21,325: e released
2019-11-21 11:52:21,366: special: Key.space pressed
2019-11-21 11:52:21,445: special: Key.space released
2019-11-21 11:52:21,942: k pressed
2019-11-21 11:52:22,005: k released
2019-11-21 11:52:22,238: i pressed
2019-11-21 11:52:22,301: i released
2019-11-21 11:52:22,438: n pressed
2019-11-21 11:52:22,501: n released
2019-11-21 11:52:22,605: g pressed
2019-11-21 11:52:22,662: g released
2019-11-21 11:52:23,350: ; pressed
2019-11-21 11:52:23,413: ; released
2019-11-21 11:52:23,934: special: Key.backspace pressed
2019-11-21 11:52:23,997: special: Key.backspace released
2019-11-21 11:52:24,470: ' pressed
2019-11-21 11:52:24,541: ' released
2019-11-21 11:52:25,158: s pressed
2019-11-21 11:52:25,245: s released
2019-11-21 11:52:25,326: special: Key.space pressed
2019-11-21 11:52:25,389: special: Key.space released
2019-11-21 11:52:25,510: m pressed
2019-11-21 11:52:25,565: m released
2019-11-21 11:52:25,645: a pressed
2019-11-21 11:52:25,669: a released
2019-11-21 11:52:26,503: special: Key.backspace pressed
2019-11-21 11:52:26,541: special: Key.backspace released
2019-11-21 11:52:26,598: e pressed
2019-11-21 11:52:26,710: e released
2019-11-21 11:52:26,886: n pressed
2019-11-21 11:52:26,933: n released
2019-11-21 11:52:27,742: , pressed
2019-11-21 11:52:27,806: , released
2019-11-21 11:52:30,231: special: Key.space pressed
2019-11-21 11:52:30,269: special: Key.space released
2019-11-21 11:52:30,446: special: Key.shift pressed
2019-11-21 11:52:30,525: C pressed
2019-11-21 11:52:30,589: C released
2019-11-21 11:52:30,693: special: Key.shift released
2019-11-21 11:52:31,054: o pressed
2019-11-21 11:52:31,125: o released
2019-11-21 11:52:31,270: u pressed
2019-11-21 11:52:31,325: u released
2019-11-21 11:52:31,486: l pressed
2019-11-21 11:52:31,557: l released
2019-11-21 11:52:31,613: d pressed
2019-11-21 11:52:31,669: d released
2019-11-21 11:52:31,982: n pressed
2019-11-21 11:52:32,061: n released
2019-11-21 11:52:34,951: ' pressed
2019-11-21 11:52:35,005: ' released
2019-11-21 11:52:36,726: t pressed
2019-11-21 11:52:36,797: t released
2019-11-21 11:52:37,390: special: Key.space pressed
2019-11-21 11:52:37,469: special: Key.space released
2019-11-21 11:52:38,015: p pressed
2019-11-21 11:52:38,149: p released
2019-11-21 11:52:38,301: u pressed
2019-11-21 11:52:38,381: u released
2019-11-21 11:52:38,501: t pressed
2019-11-21 11:52:38,573: t released
2019-11-21 11:52:38,685: special: Key.space pressed
2019-11-21 11:52:38,766: special: Key.space released
2019-11-21 11:52:39,463: special: Key.shift pressed
2019-11-21 11:52:39,886: H pressed
2019-11-21 11:52:39,933: special: Key.shift released
2019-11-21 11:52:39,965: h released
2019-11-21 11:52:40,110: u pressed
2019-11-21 11:52:40,165: u released
2019-11-21 11:52:40,502: m pressed
2019-11-21 11:52:40,589: m released
2019-11-21 11:52:42,214: p pressed
2019-11-21 11:52:42,269: p released
2019-11-21 11:52:42,557: t pressed
2019-11-21 11:52:42,613: t released
2019-11-21 11:52:42,718: y pressed
2019-11-21 11:52:42,773: y released
2019-11-21 11:52:42,885: special: Key.space pressed
2019-11-21 11:52:42,973: special: Key.space released
2019-11-21 11:52:43,407: special: Key.shift pressed
2019-11-21 11:52:43,758: special: Key.shift released
2019-11-21 11:52:44,046: t pressed
2019-11-21 11:52:44,109: t released
2019-11-21 11:52:44,278: o pressed
2019-11-21 11:52:44,341: o released
2019-11-21 11:52:44,493: g pressed
2019-11-21 11:52:44,549: g released
2019-11-21 11:52:44,581: e pressed
2019-11-21 11:52:44,653: e released
2019-11-21 11:52:44,677: t pressed
2019-11-21 11:52:44,725: t released
2019-11-21 11:52:44,837: h pressed
2019-11-21 11:52:44,885: h released
2019-11-21 11:52:44,909: e pressed
2019-11-21 11:52:44,965: e released
2019-11-21 11:52:45,053: r pressed
2019-11-21 11:52:45,109: r released
2019-11-21 11:52:45,133: special: Key.space pressed
2019-11-21 11:52:45,197: special: Key.space released
2019-11-21 11:52:45,750: a pressed
2019-11-21 11:52:45,813: a released
2019-11-21 11:52:45,941: g pressed
2019-11-21 11:52:46,005: g released
2019-11-21 11:52:46,061: a pressed
2019-11-21 11:52:46,125: i pressed
2019-11-21 11:52:46,141: a released
2019-11-21 11:52:46,173: i released
2019-11-21 11:52:46,278: n pressed
2019-11-21 11:52:46,333: n released
2019-11-21 11:52:47,054: . pressed
2019-11-21 11:52:47,222: . released
2019-11-21 11:52:58,758: special: Key.backspace pressed
2019-11-21 11:52:58,837: special: Key.backspace released
2019-11-21 11:53:10,856: special: Key.shift pressed
2019-11-21 11:53:11,015: T pressed
2019-11-21 11:53:11,063: special: Key.shift released
2019-11-21 11:53:11,065: t released
2019-11-21 11:53:11,409: w pressed
2019-11-21 11:53:11,478: w released
2019-11-21 11:53:11,543: i pressed
2019-11-21 11:53:11,598: i released
2019-11-21 11:53:11,752: n pressed
2019-11-21 11:53:11,888: n released
2019-11-21 11:53:12,718: k pressed
2019-11-21 11:53:12,773: k released
2019-11-21 11:53:12,870: e pressed
2019-11-21 11:53:12,925: e released
2019-11-21 11:53:13,510: l pressed
2019-11-21 11:53:13,565: l released
2019-11-21 11:53:14,086: special: Key.backspace pressed
2019-11-21 11:53:14,149: special: Key.backspace released
2019-11-21 11:53:14,261: special: Key.backspace pressed
2019-11-21 11:53:14,325: special: Key.backspace released
2019-11-21 11:53:14,934: l pressed
2019-11-21 11:53:14,997: l released
2019-11-21 11:53:15,029: e pressed
2019-11-21 11:53:15,093: e released
2019-11-21 11:53:15,958: , pressed
2019-11-21 11:53:16,037: , released
2019-11-21 11:53:16,214: special: Key.space pressed
2019-11-21 11:53:16,293: special: Key.space released
2019-11-21 11:53:16,846: t pressed
2019-11-21 11:53:16,965: t released
2019-11-21 11:53:17,029: w pressed
2019-11-21 11:53:17,093: w released
2019-11-21 11:53:17,173: i pressed
2019-11-21 11:53:17,237: i released
2019-11-21 11:53:17,373: n pressed
2019-11-21 11:53:17,493: n released
2019-11-21 11:53:17,757: k pressed
2019-11-21 11:53:17,813: k released
2019-11-21 11:53:17,958: l pressed
2019-11-21 11:53:18,029: l released
2019-11-21 11:53:18,109: e pressed
2019-11-21 11:53:18,173: e released
2019-11-21 11:53:18,437: , pressed
2019-11-21 11:53:18,509: , released
2019-11-21 11:53:18,942: special: Key.space pressed
2019-11-21 11:53:19,022: special: Key.space released
2019-11-21 11:53:20,991: l pressed
2019-11-21 11:53:21,045: l released
2019-11-21 11:53:21,502: i pressed
2019-11-21 11:53:21,565: i released
2019-11-21 11:53:21,758: t pressed
2019-11-21 11:53:21,813: t released
2019-11-21 11:53:21,949: t pressed
2019-11-21 11:53:21,965: t released
2019-11-21 11:53:22,126: l pressed
2019-11-21 11:53:22,181: l released
2019-11-21 11:53:22,237: e pressed
2019-11-21 11:53:22,293: e released
2019-11-21 11:53:22,373: special: Key.space pressed
2019-11-21 11:53:22,453: special: Key.space released
2019-11-21 11:53:22,742: s pressed
2019-11-21 11:53:22,821: s released
2019-11-21 11:53:22,941: t pressed
2019-11-21 11:53:22,997: t released
2019-11-21 11:53:23,086: a pressed
2019-11-21 11:53:23,165: a released
2019-11-21 11:53:23,166: r pressed
2019-11-21 11:53:23,229: r released
2019-11-21 11:53:24,742: , pressed
2019-11-21 11:53:24,869: , released
2019-11-21 11:53:25,062: special: Key.space pressed
2019-11-21 11:53:25,141: special: Key.space released
2019-11-21 11:53:27,887: special: Key.shift pressed
2019-11-21 11:53:28,053: H pressed
2019-11-21 11:53:28,085: special: Key.shift released
2019-11-21 11:53:28,133: h released
2019-11-21 11:53:28,221: o pressed
2019-11-21 11:53:28,293: o released
2019-11-21 11:53:28,381: w pressed
2019-11-21 11:53:28,445: w released
2019-11-21 11:53:28,549: special: Key.space pressed
2019-11-21 11:53:28,685: special: Key.space released
2019-11-21 11:53:28,846: special: Key.shift pressed
2019-11-21 11:53:28,957: I pressed
2019-11-21 11:53:29,005: special: Key.shift released
2019-11-21 11:53:29,029: i released
2019-11-21 11:53:29,085: special: Key.space pressed
2019-11-21 11:53:29,165: special: Key.space released
2019-11-21 11:53:29,461: w pressed
2019-11-21 11:53:29,533: w released
2019-11-21 11:53:29,557: o pressed
2019-11-21 11:53:29,589: o released
2019-11-21 11:53:29,749: n pressed
2019-11-21 11:53:29,805: n released
2019-11-21 11:53:29,933: d pressed
2019-11-21 11:53:30,013: d released
2019-11-21 11:53:30,117: e pressed
2019-11-21 11:53:30,189: e released
2019-11-21 11:53:30,261: r pressed
2019-11-21 11:53:30,333: r released
2019-11-21 11:53:30,461: special: Key.space pressed
2019-11-21 11:53:30,541: special: Key.space released
2019-11-21 11:53:31,590: special: Key.backspace pressed
2019-11-21 11:53:31,629: special: Key.backspace released
2019-11-21 11:53:32,126: special: Key.space pressed
2019-11-21 11:53:32,214: special: Key.space released
2019-11-21 11:53:33,334: w pressed
2019-11-21 11:53:33,421: w released
2019-11-21 11:53:33,485: h pressed
2019-11-21 11:53:33,549: h released
2019-11-21 11:53:33,605: a pressed
2019-11-21 11:53:33,685: a released
2019-11-21 11:53:33,709: t pressed
2019-11-21 11:53:33,741: t released
2019-11-21 11:53:33,821: special: Key.space pressed
2019-11-21 11:53:33,877: special: Key.space released
2019-11-21 11:53:34,093: y pressed
2019-11-21 11:53:34,149: y released
2019-11-21 11:53:34,950: o pressed
2019-11-21 11:53:34,997: o released
2019-11-21 11:53:35,133: u pressed
2019-11-21 11:53:35,189: u released
2019-11-21 11:53:35,894: special: Key.space pressed
2019-11-21 11:53:35,933: special: Key.space released
2019-11-21 11:53:38,838: a pressed
2019-11-21 11:53:38,917: a released
2019-11-21 11:53:39,117: r pressed
2019-11-21 11:53:39,141: r released
2019-11-21 11:53:39,878: e pressed
2019-11-21 11:53:39,957: e released
2019-11-21 11:53:40,431: special: Key.shift pressed
2019-11-21 11:53:40,838: special: Key.shift released
2019-11-21 11:53:40,869: special: Key.shift pressed
2019-11-21 11:53:41,173: special: Key.shift released
2019-11-21 11:53:41,823: special: Key.shift pressed
2019-11-21 11:53:42,077: ! pressed
2019-11-21 11:53:42,205: ! released
2019-11-21 11:53:42,229: special: Key.shift released
2019-11-21 11:53:43,542: special: Key.space pressed
2019-11-21 11:53:43,605: special: Key.space released
2019-11-21 11:53:44,070: special: Key.shift pressed
2019-11-21 11:53:44,197: U pressed
2019-11-21 11:53:44,237: special: Key.shift released
2019-11-21 11:53:44,260: u released
2019-11-21 11:53:44,421: p pressed
2019-11-21 11:53:44,477: p released
2019-11-21 11:53:44,685: special: Key.space pressed
2019-11-21 11:53:44,773: special: Key.space released
2019-11-21 11:53:45,758: a pressed
2019-11-21 11:53:45,821: a released
2019-11-21 11:53:45,877: b pressed
2019-11-21 11:53:45,924: b released
2019-11-21 11:53:46,093: o pressed
2019-11-21 11:53:46,156: o released
2019-11-21 11:53:46,357: v pressed
2019-11-21 11:53:46,413: v released
2019-11-21 11:53:46,485: e pressed
2019-11-21 11:53:46,541: e released
2019-11-21 11:53:47,774: special: Key.space pressed
2019-11-21 11:53:47,869: special: Key.space released
2019-11-21 11:53:48,590: t pressed
2019-11-21 11:53:48,645: t released
2019-11-21 11:53:48,765: h pressed
2019-11-21 11:53:48,876: h released
2019-11-21 11:53:48,901: e pressed
2019-11-21 11:53:48,916: e released
2019-11-21 11:53:48,957: special: Key.space pressed
2019-11-21 11:53:49,028: special: Key.space released
2019-11-21 11:53:49,678: w pressed
2019-11-21 11:53:49,741: w released
2019-11-21 11:53:50,061: o pressed
2019-11-21 11:53:50,108: o released
2019-11-21 11:53:50,525: r pressed
2019-11-21 11:53:50,581: r released
2019-11-21 11:53:50,694: l pressed
2019-11-21 11:53:50,757: l released
2019-11-21 11:53:51,021: d pressed
2019-11-21 11:53:51,084: d released
2019-11-21 11:53:51,173: special: Key.space pressed
2019-11-21 11:53:51,244: special: Key.space released
2019-11-21 11:53:51,309: s pressed
2019-11-21 11:53:51,380: s released
2019-11-21 11:53:51,421: o pressed
2019-11-21 11:53:51,484: o released
2019-11-21 11:53:51,605: special: Key.space pressed
2019-11-21 11:53:51,669: special: Key.space released
2019-11-21 11:53:51,782: h pressed
2019-11-21 11:53:51,892: h released
2019-11-21 11:53:51,917: i pressed
2019-11-21 11:53:51,988: i released
2019-11-21 11:53:52,125: g pressed
2019-11-21 11:53:52,188: g released
2019-11-21 11:53:52,293: h pressed
2019-11-21 11:53:52,356: h released
2019-11-21 11:53:53,310: , pressed
2019-11-21 11:53:53,365: , released
2019-11-21 11:53:53,557: special: Key.space pressed
2019-11-21 11:53:53,636: special: Key.space released
2019-11-21 11:53:53,926: special: Key.shift pressed
2019-11-21 11:53:54,061: L pressed
2019-11-21 11:53:54,093: special: Key.shift released
2019-11-21 11:53:54,116: l released
2019-11-21 11:53:54,221: i pressed
2019-11-21 11:53:54,276: i released
2019-11-21 11:53:54,389: k pressed
2019-11-21 11:53:54,460: k released
2019-11-21 11:53:54,485: e pressed
2019-11-21 11:53:54,540: e released
2019-11-21 11:53:54,621: special: Key.space pressed
2019-11-21 11:53:54,684: special: Key.space released
2019-11-21 11:53:54,734: a pressed
2019-11-21 11:53:54,813: a released
2019-11-21 11:53:54,853: special: Key.space pressed
2019-11-21 11:53:54,932: special: Key.space released
2019-11-21 11:53:55,581: d pressed
2019-11-21 11:53:55,652: d released
2019-11-21 11:53:55,709: i pressed
2019-11-21 11:53:55,765: i released
2019-11-21 11:53:55,821: a pressed
2019-11-21 11:53:55,900: a released
2019-11-21 11:53:56,589: m pressed
2019-11-21 11:53:56,636: m released
2019-11-21 11:53:56,782: o pressed
2019-11-21 11:53:56,845: o released
2019-11-21 11:53:56,997: n pressed
2019-11-21 11:53:57,052: n released
2019-11-21 11:53:58,190: d pressed
2019-11-21 11:53:58,252: d released
2019-11-21 11:53:58,333: special: Key.space pressed
2019-11-21 11:53:58,436: special: Key.space released
2019-11-21 11:53:58,541: i pressed
2019-11-21 11:53:58,588: i released
2019-11-21 11:53:58,709: n pressed
2019-11-21 11:53:58,772: n released
2019-11-21 11:53:58,813: special: Key.space pressed
2019-11-21 11:53:58,876: special: Key.space released
2019-11-21 11:53:58,957: t pressed
2019-11-21 11:53:59,012: t released
2019-11-21 11:53:59,109: h pressed
2019-11-21 11:53:59,180: h released
2019-11-21 11:53:59,205: e pressed
2019-11-21 11:53:59,244: e released
2019-11-21 11:53:59,293: special: Key.space pressed
2019-11-21 11:53:59,373: special: Key.space released
2019-11-21 11:53:59,669: s pressed
2019-11-21 11:53:59,733: s released
2019-11-21 11:53:59,757: k pressed
2019-11-21 11:53:59,821: k released
2019-11-21 11:53:59,917: i pressed
2019-11-21 11:53:59,972: i released
2019-11-21 11:54:00,742: special: Key.backspace pressed
2019-11-21 11:54:00,804: special: Key.backspace released
2019-11-21 11:54:01,069: y pressed
2019-11-21 11:54:01,141: y released
2019-11-21 11:54:01,597: . pressed
2019-11-21 11:54:01,668: . released
