Log for: Daniel Moreira
2019-11-21 11:43:37,109: special: Key.shift_r pressed
2019-11-21 11:43:37,227: T pressed
2019-11-21 11:43:37,258: special: Key.shift_r released
2019-11-21 11:43:37,313: t released
2019-11-21 11:43:37,426: h pressed
2019-11-21 11:43:37,489: h released
2019-11-21 11:43:37,514: e pressed
2019-11-21 11:43:37,569: e released
2019-11-21 11:43:37,602: special: Key.space pressed
2019-11-21 11:43:37,665: special: Key.space released
2019-11-21 11:43:37,794: i pressed
2019-11-21 11:43:37,873: i released
2019-11-21 11:43:38,130: t pressed
2019-11-21 11:43:38,202: t released
2019-11-21 11:43:38,354: s pressed
2019-11-21 11:43:38,441: s released
2019-11-21 11:43:38,466: y pressed
2019-11-21 11:43:38,529: y released
2019-11-21 11:43:38,666: special: Key.space pressed
2019-11-21 11:43:38,730: special: Key.space released
2019-11-21 11:43:38,882: b pressed
2019-11-21 11:43:38,954: i pressed
2019-11-21 11:43:38,985: b released
2019-11-21 11:43:39,041: i released
2019-11-21 11:43:39,097: t pressed
2019-11-21 11:43:39,170: t released
2019-11-21 11:43:39,307: s pressed
2019-11-21 11:43:39,418: s released
2019-11-21 11:43:39,458: y pressed
2019-11-21 11:43:39,537: y released
2019-11-21 11:43:39,690: special: Key.space pressed
2019-11-21 11:43:39,770: special: Key.space released
2019-11-21 11:43:40,259: s pressed
2019-11-21 11:43:40,346: s released
2019-11-21 11:43:40,378: p pressed
2019-11-21 11:43:40,473: p released
2019-11-21 11:43:40,562: i pressed
2019-11-21 11:43:40,626: d pressed
2019-11-21 11:43:40,649: i released
2019-11-21 11:43:40,697: d released
2019-11-21 11:43:40,722: e pressed
2019-11-21 11:43:40,785: e released
2019-11-21 11:43:40,810: r pressed
2019-11-21 11:43:40,905: r released
2019-11-21 11:43:40,946: special: Key.space pressed
2019-11-21 11:43:41,057: special: Key.space released
2019-11-21 11:43:41,579: c pressed
2019-11-21 11:43:41,657: c released
2019-11-21 11:43:41,730: l pressed
2019-11-21 11:43:41,785: l released
2019-11-21 11:43:41,906: i pressed
2019-11-21 11:43:41,969: i released
2019-11-21 11:43:42,082: m pressed
2019-11-21 11:43:42,161: m released
2019-11-21 11:43:42,250: b pressed
2019-11-21 11:43:42,394: b released
2019-11-21 11:43:42,434: e pressed
2019-11-21 11:43:42,546: d pressed
2019-11-21 11:43:42,569: e released
2019-11-21 11:43:42,633: d released
2019-11-21 11:43:42,722: special: Key.space pressed
2019-11-21 11:43:42,794: special: Key.space released
2019-11-21 11:43:43,803: u pressed
2019-11-21 11:43:43,866: u released
2019-11-21 11:43:43,978: p pressed
2019-11-21 11:43:44,057: p released
2019-11-21 11:43:44,202: special: Key.space pressed
2019-11-21 11:43:44,265: special: Key.space released
2019-11-21 11:43:44,290: t pressed
2019-11-21 11:43:44,370: t released
2019-11-21 11:43:44,426: h pressed
2019-11-21 11:43:44,505: h released
2019-11-21 11:43:44,530: e pressed
2019-11-21 11:43:44,601: e released
2019-11-21 11:43:44,682: special: Key.space pressed
2019-11-21 11:43:44,738: special: Key.space released
2019-11-21 11:43:44,898: w pressed
2019-11-21 11:43:44,961: w released
2019-11-21 11:43:45,082: a pressed
2019-11-21 11:43:45,177: a released
2019-11-21 11:43:45,274: t pressed
2019-11-21 11:43:45,354: t released
2019-11-21 11:43:45,378: e pressed
2019-11-21 11:43:45,482: e released
2019-11-21 11:43:45,482: r pressed
2019-11-21 11:43:45,553: r released
2019-11-21 11:43:45,954: s pressed
2019-11-21 11:43:46,057: s released
2019-11-21 11:43:46,082: p pressed
2019-11-21 11:43:46,146: o pressed
2019-11-21 11:43:46,201: p released
2019-11-21 11:43:46,233: o released
2019-11-21 11:43:46,386: u pressed
2019-11-21 11:43:46,466: u released
2019-11-21 11:43:46,466: t pressed
2019-11-21 11:43:46,545: t released
2019-11-21 11:43:47,138: . pressed
2019-11-21 11:43:47,209: . released
2019-11-21 11:43:47,866: special: Key.space pressed
2019-11-21 11:43:47,961: special: Key.space released
2019-11-21 11:43:48,467: special: Key.shift_r pressed
2019-11-21 11:43:48,675: D pressed
2019-11-21 11:43:48,747: special: Key.shift_r released
2019-11-21 11:43:48,777: d released
2019-11-21 11:43:48,890: o pressed
2019-11-21 11:43:48,977: o released
2019-11-21 11:43:49,001: w pressed
2019-11-21 11:43:49,089: w released
2019-11-21 11:43:49,290: n pressed
2019-11-21 11:43:49,369: n released
2019-11-21 11:43:49,482: special: Key.space pressed
2019-11-21 11:43:49,545: special: Key.space released
2019-11-21 11:43:49,570: c pressed
2019-11-21 11:43:49,641: c released
2019-11-21 11:43:49,714: a pressed
2019-11-21 11:43:49,801: a released
2019-11-21 11:43:49,833: m pressed
2019-11-21 11:43:49,905: m released
2019-11-21 11:43:49,985: e pressed
2019-11-21 11:43:50,073: e released
2019-11-21 11:43:50,074: special: Key.space pressed
2019-11-21 11:43:50,105: special: Key.space released
2019-11-21 11:43:50,161: t pressed
2019-11-21 11:43:50,225: t released
2019-11-21 11:43:50,257: h pressed
2019-11-21 11:43:50,329: h released
2019-11-21 11:43:50,353: e pressed
2019-11-21 11:43:50,425: e released
2019-11-21 11:43:50,498: special: Key.space pressed
2019-11-21 11:43:50,569: special: Key.space released
2019-11-21 11:43:50,835: r pressed
2019-11-21 11:43:50,913: r released
2019-11-21 11:43:51,033: a pressed
2019-11-21 11:43:51,129: a released
2019-11-21 11:43:51,154: i pressed
2019-11-21 11:43:51,201: n pressed
2019-11-21 11:43:51,233: i released
2019-11-21 11:43:51,265: n released
2019-11-21 11:43:51,811: special: Key.space pressed
2019-11-21 11:43:51,889: special: Key.space released
2019-11-21 11:43:52,154: a pressed
2019-11-21 11:43:52,249: a released
2019-11-21 11:43:52,330: n pressed
2019-11-21 11:43:52,401: n released
2019-11-21 11:43:52,417: d pressed
2019-11-21 11:43:52,481: d released
2019-11-21 11:43:52,546: special: Key.space pressed
2019-11-21 11:43:52,601: special: Key.space released
2019-11-21 11:43:52,682: w pressed
2019-11-21 11:43:52,770: w released
2019-11-21 11:43:53,098: a pressed
2019-11-21 11:43:53,225: a released
2019-11-21 11:43:53,313: s pressed
2019-11-21 11:43:53,409: s released
2019-11-21 11:43:53,473: h pressed
2019-11-21 11:43:53,538: h released
2019-11-21 11:43:53,594: e pressed
2019-11-21 11:43:53,681: e released
2019-11-21 11:43:53,738: d pressed
2019-11-21 11:43:53,857: d released
2019-11-21 11:43:53,898: special: Key.space pressed
2019-11-21 11:43:53,977: special: Key.space released
2019-11-21 11:43:55,043: t pressed
2019-11-21 11:43:55,129: t released
2019-11-21 11:43:55,154: h pressed
2019-11-21 11:43:55,225: h released
2019-11-21 11:43:55,265: e pressed
2019-11-21 11:43:55,329: e released
2019-11-21 11:43:55,361: special: Key.space pressed
2019-11-21 11:43:55,425: special: Key.space released
2019-11-21 11:43:55,497: s pressed
2019-11-21 11:43:55,586: s released
2019-11-21 11:43:55,610: p pressed
2019-11-21 11:43:55,705: p released
2019-11-21 11:43:55,786: i pressed
2019-11-21 11:43:55,850: d pressed
2019-11-21 11:43:55,881: i released
2019-11-21 11:43:55,913: e pressed
2019-11-21 11:43:55,937: d released
2019-11-21 11:43:55,985: e released
2019-11-21 11:43:56,025: r pressed
2019-11-21 11:43:56,105: special: Key.space pressed
2019-11-21 11:43:56,129: r released
2019-11-21 11:43:56,169: special: Key.space released
2019-11-21 11:43:56,345: o pressed
2019-11-21 11:43:56,369: u pressed
2019-11-21 11:43:56,425: o released
2019-11-21 11:43:56,449: u released
2019-11-21 11:43:56,489: t pressed
2019-11-21 11:43:56,586: t released
2019-11-21 11:43:56,730: . pressed
2019-11-21 11:43:56,793: . released
2019-11-21 11:43:59,124: special: Key.shift_r pressed
2019-11-21 11:43:59,362: M pressed
2019-11-21 11:43:59,417: M released
2019-11-21 11:43:59,441: special: Key.shift_r released
2019-11-21 11:43:59,466: a pressed
2019-11-21 11:43:59,537: a released
2019-11-21 11:43:59,593: r pressed
2019-11-21 11:43:59,690: r released
2019-11-21 11:43:59,778: y pressed
2019-11-21 11:43:59,849: y released
2019-11-21 11:43:59,970: special: Key.space pressed
2019-11-21 11:44:00,042: special: Key.space released
2019-11-21 11:44:00,178: h pressed
2019-11-21 11:44:00,257: h released
2019-11-21 11:44:00,289: a pressed
2019-11-21 11:44:00,401: a released
2019-11-21 11:44:00,402: d pressed
2019-11-21 11:44:00,489: d released
2019-11-21 11:44:00,529: special: Key.space pressed
2019-11-21 11:44:00,585: special: Key.space released
2019-11-21 11:44:00,641: a pressed
2019-11-21 11:44:00,746: special: Key.space pressed
2019-11-21 11:44:00,769: a released
2019-11-21 11:44:00,817: special: Key.space released
2019-11-21 11:44:00,962: l pressed
2019-11-21 11:44:01,017: l released
2019-11-21 11:44:01,137: i pressed
2019-11-21 11:44:01,209: i released
2019-11-21 11:44:01,233: t pressed
2019-11-21 11:44:01,289: t released
2019-11-21 11:44:01,378: t pressed
2019-11-21 11:44:01,449: t released
2019-11-21 11:44:01,489: l pressed
2019-11-21 11:44:01,545: l released
2019-11-21 11:44:01,569: e pressed
2019-11-21 11:44:01,641: e released
2019-11-21 11:44:01,665: special: Key.space pressed
2019-11-21 11:44:01,722: special: Key.space released
2019-11-21 11:44:01,834: l pressed
2019-11-21 11:44:01,913: l released
2019-11-21 11:44:01,914: a pressed
2019-11-21 11:44:02,001: a released
2019-11-21 11:44:02,073: m pressed
2019-11-21 11:44:02,153: m released
2019-11-21 11:44:02,297: b pressed
2019-11-21 11:44:02,369: b released
2019-11-21 11:44:03,811: , pressed
2019-11-21 11:44:03,882: , released
2019-11-21 11:44:04,002: special: Key.space pressed
2019-11-21 11:44:04,081: special: Key.space released
2019-11-21 11:44:04,603: special: Key.shift_r pressed
2019-11-21 11:44:04,738: W pressed
2019-11-21 11:44:04,811: special: Key.shift_r released
2019-11-21 11:44:04,833: w released
2019-11-21 11:44:05,105: h pressed
2019-11-21 11:44:05,234: o pressed
2019-11-21 11:44:05,257: h released
2019-11-21 11:44:05,297: o released
2019-11-21 11:44:05,321: s pressed
2019-11-21 11:44:05,417: s released
2019-11-21 11:44:05,449: e pressed
2019-11-21 11:44:05,505: e released
2019-11-21 11:44:05,593: special: Key.space pressed
2019-11-21 11:44:05,673: special: Key.space released
2019-11-21 11:44:06,035: special: Key.shift_r pressed
2019-11-21 11:44:06,298: special: Key.shift_r released
2019-11-21 11:44:06,482: f pressed
2019-11-21 11:44:06,577: f released
2019-11-21 11:44:06,649: l pressed
2019-11-21 11:44:06,729: l released
2019-11-21 11:44:06,753: e pressed
2019-11-21 11:44:06,810: e released
2019-11-21 11:44:06,930: s pressed
2019-11-21 11:44:07,001: s released
2019-11-21 11:44:07,450: special: Key.backspace pressed
2019-11-21 11:44:07,538: e pressed
2019-11-21 11:44:07,561: special: Key.backspace released
2019-11-21 11:44:07,633: e released
2019-11-21 11:44:07,971: c pressed
2019-11-21 11:44:08,073: c released
2019-11-21 11:44:08,097: e pressed
2019-11-21 11:44:08,201: e released
2019-11-21 11:44:08,329: special: Key.space pressed
2019-11-21 11:44:08,385: special: Key.space released
2019-11-21 11:44:08,883: w pressed
2019-11-21 11:44:08,961: w released
2019-11-21 11:44:09,105: a pressed
2019-11-21 11:44:09,186: s pressed
2019-11-21 11:44:09,217: a released
2019-11-21 11:44:09,305: s released
2019-11-21 11:44:09,377: special: Key.space pressed
2019-11-21 11:44:09,449: special: Key.space released
2019-11-21 11:44:09,657: w pressed
2019-11-21 11:44:09,770: w released
2019-11-21 11:44:09,883: h pressed
2019-11-21 11:44:09,954: i pressed
2019-11-21 11:44:09,977: h released
2019-11-21 11:44:10,017: i released
2019-11-21 11:44:10,450: t pressed
2019-11-21 11:44:10,514: e pressed
2019-11-21 11:44:10,537: t released
2019-11-21 11:44:10,593: e released
2019-11-21 11:44:10,674: special: Key.space pressed
2019-11-21 11:44:10,745: special: Key.space released
2019-11-21 11:44:10,769: a pressed
2019-11-21 11:44:10,866: s pressed
2019-11-21 11:44:10,898: a released
2019-11-21 11:44:10,961: s released
2019-11-21 11:44:10,985: special: Key.space pressed
2019-11-21 11:44:11,057: special: Key.space released
2019-11-21 11:44:11,097: s pressed
2019-11-21 11:44:11,193: s released
2019-11-21 11:44:11,241: n pressed
2019-11-21 11:44:11,289: o pressed
2019-11-21 11:44:11,345: n released
2019-11-21 11:44:11,377: o released
2019-11-21 11:44:11,698: w pressed
2019-11-21 11:44:11,817: w released
2019-11-21 11:44:13,826: . pressed
2019-11-21 11:44:13,881: . released
2019-11-21 11:44:13,987: special: Key.space pressed
2019-11-21 11:44:14,033: special: Key.space released
2019-11-21 11:44:14,153: special: Key.shift_r pressed
2019-11-21 11:44:14,249: A pressed
2019-11-21 11:44:14,265: special: Key.shift_r released
2019-11-21 11:44:14,321: a released
2019-11-21 11:44:14,425: n pressed
2019-11-21 11:44:14,497: n released
2019-11-21 11:44:14,521: d pressed
2019-11-21 11:44:14,593: d released
2019-11-21 11:44:14,657: special: Key.space pressed
2019-11-21 11:44:14,713: special: Key.space released
2019-11-21 11:44:14,881: e pressed
2019-11-21 11:44:14,985: e released
2019-11-21 11:44:15,034: v pressed
2019-11-21 11:44:15,113: v released
2019-11-21 11:44:15,193: e pressed
2019-11-21 11:44:15,249: e released
2019-11-21 11:44:15,273: r pressed
2019-11-21 11:44:15,353: r released
2019-11-21 11:44:15,417: y pressed
2019-11-21 11:44:15,489: y released
2019-11-21 11:44:15,617: w pressed
2019-11-21 11:44:15,721: w released
2019-11-21 11:44:15,801: h pressed
2019-11-21 11:44:15,865: h released
2019-11-21 11:44:15,961: e pressed
2019-11-21 11:44:16,066: e released
2019-11-21 11:44:16,089: r pressed
2019-11-21 11:44:16,185: r released
2019-11-21 11:44:16,185: e pressed
2019-11-21 11:44:16,297: e released
2019-11-21 11:44:16,377: special: Key.space pressed
2019-11-21 11:44:16,457: special: Key.space released
2019-11-21 11:44:17,867: t pressed
2019-11-21 11:44:17,961: t released
2019-11-21 11:44:18,074: h pressed
2019-11-21 11:44:18,097: h released
2019-11-21 11:44:18,121: a pressed
2019-11-21 11:44:18,201: a released
2019-11-21 11:44:18,225: t pressed
2019-11-21 11:44:18,289: t released
2019-11-21 11:44:18,313: special: Key.space pressed
2019-11-21 11:44:18,385: special: Key.space released
2019-11-21 11:44:18,522: special: Key.shift_r pressed
2019-11-21 11:44:18,698: M pressed
2019-11-21 11:44:18,737: special: Key.shift_r released
2019-11-21 11:44:18,769: m released
2019-11-21 11:44:18,849: a pressed
2019-11-21 11:44:18,931: r pressed
2019-11-21 11:44:18,954: a released
2019-11-21 11:44:19,009: y pressed
2019-11-21 11:44:19,033: r released
2019-11-21 11:44:19,073: y released
2019-11-21 11:44:19,202: special: Key.space pressed
2019-11-21 11:44:19,281: special: Key.space released
2019-11-21 11:44:19,313: w pressed
2019-11-21 11:44:19,409: w released
2019-11-21 11:44:19,497: e pressed
2019-11-21 11:44:19,585: e released
2019-11-21 11:44:19,617: n pressed
2019-11-21 11:44:19,697: n released
2019-11-21 11:44:19,753: t pressed
2019-11-21 11:44:19,849: t released
2019-11-21 11:44:20,738: , pressed
2019-11-21 11:44:20,817: , released
2019-11-21 11:44:20,905: special: Key.space pressed
2019-11-21 11:44:20,993: special: Key.space released
2019-11-21 11:44:21,179: special: Key.shift_r pressed
2019-11-21 11:44:21,265: T pressed
2019-11-21 11:44:21,313: special: Key.shift_r released
2019-11-21 11:44:21,337: t released
2019-11-21 11:44:21,457: h pressed
2019-11-21 11:44:21,497: h released
2019-11-21 11:44:21,657: e pressed
2019-11-21 11:44:21,778: e released
2019-11-21 11:44:21,809: special: Key.space pressed
2019-11-21 11:44:21,889: special: Key.space released
2019-11-21 11:44:22,650: l pressed
2019-11-21 11:44:22,729: l released
2019-11-21 11:44:22,809: a pressed
2019-11-21 11:44:22,913: a released
2019-11-21 11:44:22,977: b pressed
2019-11-21 11:44:23,057: b released
2019-11-21 11:44:23,194: special: Key.space pressed
2019-11-21 11:44:23,265: special: Key.space released
2019-11-21 11:44:23,506: w pressed
2019-11-21 11:44:23,577: w released
2019-11-21 11:44:23,786: a pressed
2019-11-21 11:44:23,857: a released
2019-11-21 11:44:23,857: s pressed
2019-11-21 11:44:23,977: s released
2019-11-21 11:44:24,049: special: Key.space pressed
2019-11-21 11:44:24,113: special: Key.space released
2019-11-21 11:44:24,161: s pressed
2019-11-21 11:44:24,249: s released
2019-11-21 11:44:24,314: u pressed
2019-11-21 11:44:24,385: u released
2019-11-21 11:44:24,449: r pressed
2019-11-21 11:44:24,537: e pressed
2019-11-21 11:44:24,561: r released
2019-11-21 11:44:24,609: e released
2019-11-21 11:44:24,641: special: Key.space pressed
2019-11-21 11:44:24,714: special: Key.space released
2019-11-21 11:44:24,745: t pressed
2019-11-21 11:44:24,825: t released
2019-11-21 11:44:24,849: o pressed
2019-11-21 11:44:24,913: o released
2019-11-21 11:44:25,041: special: Key.space pressed
2019-11-21 11:44:25,121: special: Key.space released
2019-11-21 11:44:25,169: g pressed
2019-11-21 11:44:25,249: g released
2019-11-21 11:44:25,281: o pressed
2019-11-21 11:44:25,337: o released
2019-11-21 11:44:26,634: . pressed
2019-11-21 11:44:26,730: . released
2019-11-21 11:44:28,810: special: Key.left pressed
2019-11-21 11:44:29,311: special: Key.left pressed
2019-11-21 11:44:29,340: special: Key.left pressed
2019-11-21 11:44:29,370: special: Key.left pressed
2019-11-21 11:44:29,400: special: Key.left pressed
2019-11-21 11:44:29,431: special: Key.left pressed
2019-11-21 11:44:29,462: special: Key.left pressed
2019-11-21 11:44:29,492: special: Key.left pressed
2019-11-21 11:44:29,522: special: Key.left pressed
2019-11-21 11:44:29,553: special: Key.left pressed
2019-11-21 11:44:29,583: special: Key.left pressed
2019-11-21 11:44:29,614: special: Key.left pressed
2019-11-21 11:44:29,645: special: Key.left pressed
2019-11-21 11:44:29,676: special: Key.left pressed
2019-11-21 11:44:29,706: special: Key.left pressed
2019-11-21 11:44:29,736: special: Key.left pressed
2019-11-21 11:44:29,767: special: Key.left pressed
2019-11-21 11:44:29,798: special: Key.left pressed
2019-11-21 11:44:29,829: special: Key.left pressed
2019-11-21 11:44:29,859: special: Key.left pressed
2019-11-21 11:44:29,889: special: Key.left pressed
2019-11-21 11:44:29,920: special: Key.left pressed
2019-11-21 11:44:29,951: special: Key.left pressed
2019-11-21 11:44:29,982: special: Key.left pressed
2019-11-21 11:44:30,013: special: Key.left pressed
2019-11-21 11:44:30,043: special: Key.left pressed
2019-11-21 11:44:30,074: special: Key.left pressed
2019-11-21 11:44:30,104: special: Key.left pressed
2019-11-21 11:44:30,134: special: Key.left pressed
2019-11-21 11:44:30,165: special: Key.left pressed
2019-11-21 11:44:30,196: special: Key.left pressed
2019-11-21 11:44:30,226: special: Key.left pressed
2019-11-21 11:44:30,256: special: Key.left pressed
2019-11-21 11:44:30,287: special: Key.left pressed
2019-11-21 11:44:30,318: special: Key.left pressed
2019-11-21 11:44:30,348: special: Key.left pressed
2019-11-21 11:44:30,378: special: Key.left pressed
2019-11-21 11:44:30,408: special: Key.left pressed
2019-11-21 11:44:30,439: special: Key.left pressed
2019-11-21 11:44:30,470: special: Key.left pressed
2019-11-21 11:44:30,501: special: Key.left pressed
2019-11-21 11:44:30,532: special: Key.left pressed
2019-11-21 11:44:30,562: special: Key.left pressed
2019-11-21 11:44:30,592: special: Key.left pressed
2019-11-21 11:44:30,623: special: Key.left pressed
2019-11-21 11:44:30,653: special: Key.left pressed
2019-11-21 11:44:30,684: special: Key.left pressed
2019-11-21 11:44:30,714: special: Key.left pressed
2019-11-21 11:44:30,744: special: Key.left pressed
2019-11-21 11:44:30,774: special: Key.left pressed
2019-11-21 11:44:30,805: special: Key.left pressed
2019-11-21 11:44:30,835: special: Key.left pressed
2019-11-21 11:44:30,864: special: Key.left pressed
2019-11-21 11:44:30,894: special: Key.left pressed
2019-11-21 11:44:30,925: special: Key.left pressed
2019-11-21 11:44:30,955: special: Key.left pressed
2019-11-21 11:44:30,986: special: Key.left pressed
2019-11-21 11:44:31,016: special: Key.left pressed
2019-11-21 11:44:31,047: special: Key.left pressed
2019-11-21 11:44:31,077: special: Key.left pressed
2019-11-21 11:44:31,107: special: Key.left pressed
2019-11-21 11:44:31,138: special: Key.left pressed
2019-11-21 11:44:31,169: special: Key.left pressed
2019-11-21 11:44:31,199: special: Key.left pressed
2019-11-21 11:44:31,230: special: Key.left pressed
2019-11-21 11:44:31,261: special: Key.left pressed
2019-11-21 11:44:31,292: special: Key.left pressed
2019-11-21 11:44:31,321: special: Key.left pressed
2019-11-21 11:44:31,352: special: Key.left pressed
2019-11-21 11:44:31,382: special: Key.left pressed
2019-11-21 11:44:31,412: special: Key.left pressed
2019-11-21 11:44:31,441: special: Key.left pressed
2019-11-21 11:44:31,471: special: Key.left pressed
2019-11-21 11:44:31,501: special: Key.left pressed
2019-11-21 11:44:31,532: special: Key.left pressed
2019-11-21 11:44:31,562: special: Key.left pressed
2019-11-21 11:44:31,593: special: Key.left pressed
2019-11-21 11:44:31,624: special: Key.left pressed
2019-11-21 11:44:31,655: special: Key.left pressed
2019-11-21 11:44:31,684: special: Key.left pressed
2019-11-21 11:44:31,715: special: Key.left pressed
2019-11-21 11:44:31,745: special: Key.left pressed
2019-11-21 11:44:31,774: special: Key.left pressed
2019-11-21 11:44:31,804: special: Key.left pressed
2019-11-21 11:44:31,835: special: Key.left pressed
2019-11-21 11:44:31,865: special: Key.left pressed
2019-11-21 11:44:31,894: special: Key.left pressed
2019-11-21 11:44:31,924: special: Key.left pressed
2019-11-21 11:44:31,955: special: Key.left pressed
2019-11-21 11:44:31,985: special: Key.left pressed
2019-11-21 11:44:32,016: special: Key.left pressed
2019-11-21 11:44:32,046: special: Key.left pressed
2019-11-21 11:44:32,077: special: Key.left pressed
2019-11-21 11:44:32,107: special: Key.left pressed
2019-11-21 11:44:32,138: special: Key.left pressed
2019-11-21 11:44:32,168: special: Key.left pressed
2019-11-21 11:44:32,198: special: Key.left pressed
2019-11-21 11:44:32,228: special: Key.left pressed
2019-11-21 11:44:32,259: special: Key.left pressed
2019-11-21 11:44:32,289: special: Key.left pressed
2019-11-21 11:44:32,318: special: Key.left pressed
2019-11-21 11:44:32,349: special: Key.left pressed
2019-11-21 11:44:32,381: special: Key.left pressed
2019-11-21 11:44:32,411: special: Key.left pressed
2019-11-21 11:44:32,441: special: Key.left pressed
2019-11-21 11:44:32,472: special: Key.left pressed
2019-11-21 11:44:32,502: special: Key.left pressed
2019-11-21 11:44:32,533: special: Key.left pressed
2019-11-21 11:44:32,563: special: Key.left pressed
2019-11-21 11:44:32,593: special: Key.left pressed
2019-11-21 11:44:32,624: special: Key.left pressed
2019-11-21 11:44:32,654: special: Key.left pressed
2019-11-21 11:44:32,684: special: Key.left pressed
2019-11-21 11:44:32,714: special: Key.left pressed
2019-11-21 11:44:32,745: special: Key.left pressed
2019-11-21 11:44:32,775: special: Key.left pressed
2019-11-21 11:44:32,805: special: Key.left pressed
2019-11-21 11:44:32,836: special: Key.left pressed
2019-11-21 11:44:32,866: special: Key.left pressed
2019-11-21 11:44:32,896: special: Key.left pressed
2019-11-21 11:44:32,926: special: Key.left pressed
2019-11-21 11:44:32,957: special: Key.left pressed
2019-11-21 11:44:32,985: special: Key.left released
2019-11-21 11:44:33,129: special: Key.right pressed
2019-11-21 11:44:33,630: special: Key.right pressed
2019-11-21 11:44:33,660: special: Key.right pressed
2019-11-21 11:44:33,690: special: Key.right pressed
2019-11-21 11:44:33,721: special: Key.right pressed
2019-11-21 11:44:33,751: special: Key.right pressed
2019-11-21 11:44:33,782: special: Key.right pressed
2019-11-21 11:44:33,811: special: Key.right pressed
2019-11-21 11:44:33,841: special: Key.right pressed
2019-11-21 11:44:33,872: special: Key.right pressed
2019-11-21 11:44:33,901: special: Key.right pressed
2019-11-21 11:44:33,931: special: Key.right pressed
2019-11-21 11:44:33,962: special: Key.right pressed
2019-11-21 11:44:33,992: special: Key.right pressed
2019-11-21 11:44:34,023: special: Key.right pressed
2019-11-21 11:44:34,053: special: Key.right pressed
2019-11-21 11:44:34,083: special: Key.right pressed
2019-11-21 11:44:34,114: special: Key.right pressed
2019-11-21 11:44:34,144: special: Key.right pressed
2019-11-21 11:44:34,175: special: Key.right pressed
2019-11-21 11:44:34,204: special: Key.right pressed
2019-11-21 11:44:34,234: special: Key.right pressed
2019-11-21 11:44:34,265: special: Key.right pressed
2019-11-21 11:44:34,294: special: Key.right pressed
2019-11-21 11:44:34,324: special: Key.right pressed
2019-11-21 11:44:34,355: special: Key.right pressed
2019-11-21 11:44:34,385: special: Key.right pressed
2019-11-21 11:44:34,416: special: Key.right pressed
2019-11-21 11:44:34,446: special: Key.right pressed
2019-11-21 11:44:34,476: special: Key.right pressed
2019-11-21 11:44:34,505: special: Key.right pressed
2019-11-21 11:44:34,536: special: Key.right pressed
2019-11-21 11:44:34,566: special: Key.right pressed
2019-11-21 11:44:34,597: special: Key.right pressed
2019-11-21 11:44:34,626: special: Key.right pressed
2019-11-21 11:44:34,633: special: Key.right released
2019-11-21 11:44:34,794: special: Key.right pressed
2019-11-21 11:44:35,295: special: Key.right pressed
2019-11-21 11:44:35,325: special: Key.right pressed
2019-11-21 11:44:35,354: special: Key.right pressed
2019-11-21 11:44:35,385: special: Key.right pressed
2019-11-21 11:44:35,416: special: Key.right pressed
2019-11-21 11:44:35,446: special: Key.right pressed
2019-11-21 11:44:35,476: special: Key.right pressed
2019-11-21 11:44:35,507: special: Key.right pressed
2019-11-21 11:44:35,538: special: Key.right pressed
2019-11-21 11:44:35,568: special: Key.right pressed
2019-11-21 11:44:35,599: special: Key.right pressed
2019-11-21 11:44:35,628: special: Key.right pressed
2019-11-21 11:44:35,659: special: Key.right pressed
2019-11-21 11:44:35,689: special: Key.right pressed
2019-11-21 11:44:35,720: special: Key.right pressed
2019-11-21 11:44:35,750: special: Key.right pressed
2019-11-21 11:44:35,769: special: Key.right released
2019-11-21 11:44:35,993: special: Key.right pressed
2019-11-21 11:44:36,121: special: Key.right released
2019-11-21 11:44:36,201: special: Key.right pressed
2019-11-21 11:44:36,702: special: Key.right pressed
2019-11-21 11:44:36,732: special: Key.right pressed
2019-11-21 11:44:36,763: special: Key.right pressed
2019-11-21 11:44:36,792: special: Key.right pressed
2019-11-21 11:44:36,823: special: Key.right pressed
2019-11-21 11:44:36,854: special: Key.right pressed
2019-11-21 11:44:36,857: special: Key.right released
2019-11-21 11:44:37,121: special: Key.right pressed
2019-11-21 11:44:37,538: special: Key.right released
2019-11-21 11:44:37,898: special: Key.right pressed
2019-11-21 11:44:38,398: special: Key.right pressed
2019-11-21 11:44:38,428: special: Key.right pressed
2019-11-21 11:44:38,459: special: Key.right pressed
2019-11-21 11:44:38,489: special: Key.right pressed
2019-11-21 11:44:38,520: special: Key.right pressed
2019-11-21 11:44:38,537: special: Key.right released
2019-11-21 11:44:38,834: special: Key.right pressed
2019-11-21 11:44:39,334: special: Key.right pressed
2019-11-21 11:44:39,364: special: Key.right pressed
2019-11-21 11:44:39,394: special: Key.right pressed
2019-11-21 11:44:39,425: special: Key.right pressed
2019-11-21 11:44:39,455: special: Key.right pressed
2019-11-21 11:44:39,485: special: Key.right pressed
2019-11-21 11:44:39,515: special: Key.right pressed
2019-11-21 11:44:39,547: special: Key.right pressed
2019-11-21 11:44:39,561: special: Key.right released
2019-11-21 11:44:39,850: special: Key.right pressed
2019-11-21 11:44:40,025: special: Key.right released
2019-11-21 11:44:40,129: special: Key.right pressed
2019-11-21 11:44:40,630: special: Key.right pressed
2019-11-21 11:44:40,660: special: Key.right pressed
2019-11-21 11:44:40,690: special: Key.right pressed
2019-11-21 11:44:40,722: special: Key.right pressed
2019-11-21 11:44:40,752: special: Key.right pressed
2019-11-21 11:44:40,781: special: Key.right pressed
2019-11-21 11:44:40,812: special: Key.right pressed
2019-11-21 11:44:40,842: special: Key.right pressed
2019-11-21 11:44:40,872: special: Key.right pressed
2019-11-21 11:44:40,903: special: Key.right pressed
2019-11-21 11:44:40,933: special: Key.right pressed
2019-11-21 11:44:40,964: special: Key.right pressed
2019-11-21 11:44:40,994: special: Key.right pressed
2019-11-21 11:44:41,024: special: Key.right pressed
2019-11-21 11:44:41,055: special: Key.right pressed
2019-11-21 11:44:41,073: special: Key.right released
2019-11-21 11:44:41,273: special: Key.right pressed
2019-11-21 11:44:41,774: special: Key.right pressed
2019-11-21 11:44:41,803: special: Key.right pressed
2019-11-21 11:44:41,834: special: Key.right pressed
2019-11-21 11:44:41,865: special: Key.right pressed
2019-11-21 11:44:41,896: special: Key.right pressed
2019-11-21 11:44:41,927: special: Key.right pressed
2019-11-21 11:44:41,956: special: Key.right pressed
2019-11-21 11:44:41,987: special: Key.right pressed
2019-11-21 11:44:42,017: special: Key.right pressed
2019-11-21 11:44:42,048: special: Key.right pressed
2019-11-21 11:44:42,078: special: Key.right pressed
2019-11-21 11:44:42,109: special: Key.right pressed
2019-11-21 11:44:42,139: special: Key.right pressed
2019-11-21 11:44:42,170: special: Key.right pressed
2019-11-21 11:44:42,200: special: Key.right pressed
2019-11-21 11:44:42,231: special: Key.right pressed
2019-11-21 11:44:42,260: special: Key.right pressed
2019-11-21 11:44:42,291: special: Key.right pressed
2019-11-21 11:44:42,322: special: Key.right pressed
2019-11-21 11:44:42,337: special: Key.right released
2019-11-21 11:44:42,361: special: Key.right pressed
2019-11-21 11:44:42,393: special: Key.right released
2019-11-21 11:44:42,626: special: Key.right pressed
2019-11-21 11:44:42,729: special: Key.right released
2019-11-21 11:44:42,962: special: Key.left pressed
2019-11-21 11:44:43,462: special: Key.left pressed
2019-11-21 11:44:43,491: special: Key.left pressed
2019-11-21 11:44:43,522: special: Key.left pressed
2019-11-21 11:44:43,552: special: Key.left pressed
2019-11-21 11:44:43,583: special: Key.left pressed
2019-11-21 11:44:43,615: special: Key.left pressed
2019-11-21 11:44:43,645: special: Key.left pressed
2019-11-21 11:44:43,676: special: Key.left pressed
2019-11-21 11:44:43,706: special: Key.left pressed
2019-11-21 11:44:43,736: special: Key.left pressed
2019-11-21 11:44:43,766: special: Key.left pressed
2019-11-21 11:44:43,796: special: Key.left pressed
2019-11-21 11:44:43,825: special: Key.left pressed
2019-11-21 11:44:43,856: special: Key.left pressed
2019-11-21 11:44:43,887: special: Key.left pressed
2019-11-21 11:44:43,917: special: Key.left pressed
2019-11-21 11:44:43,937: special: Key.left released
2019-11-21 11:44:44,113: special: Key.left pressed
2019-11-21 11:44:44,614: special: Key.left pressed
2019-11-21 11:44:44,644: special: Key.left pressed
2019-11-21 11:44:44,674: special: Key.left pressed
2019-11-21 11:44:44,704: special: Key.left pressed
2019-11-21 11:44:44,734: special: Key.left pressed
2019-11-21 11:44:44,765: special: Key.left pressed
2019-11-21 11:44:44,795: special: Key.left pressed
2019-11-21 11:44:44,826: special: Key.left pressed
2019-11-21 11:44:44,856: special: Key.left pressed
2019-11-21 11:44:44,865: special: Key.left released
2019-11-21 11:44:45,057: special: Key.left pressed
2019-11-21 11:44:45,558: special: Key.left pressed
2019-11-21 11:44:45,587: special: Key.left pressed
2019-11-21 11:44:45,618: special: Key.left pressed
2019-11-21 11:44:45,649: special: Key.left pressed
2019-11-21 11:44:45,680: special: Key.left pressed
2019-11-21 11:44:45,710: special: Key.left pressed
2019-11-21 11:44:45,740: special: Key.left pressed
2019-11-21 11:44:45,769: special: Key.left pressed
2019-11-21 11:44:45,800: special: Key.left pressed
2019-11-21 11:44:45,831: special: Key.left pressed
2019-11-21 11:44:45,861: special: Key.left pressed
2019-11-21 11:44:45,890: special: Key.left pressed
2019-11-21 11:44:45,921: special: Key.left pressed
2019-11-21 11:44:45,951: special: Key.left pressed
2019-11-21 11:44:45,982: special: Key.left pressed
2019-11-21 11:44:46,012: special: Key.left pressed
2019-11-21 11:44:46,043: special: Key.left pressed
2019-11-21 11:44:46,073: special: Key.left pressed
2019-11-21 11:44:46,103: special: Key.left pressed
2019-11-21 11:44:46,134: special: Key.left pressed
2019-11-21 11:44:46,164: special: Key.left pressed
2019-11-21 11:44:46,194: special: Key.left pressed
2019-11-21 11:44:46,224: special: Key.left pressed
2019-11-21 11:44:46,255: special: Key.left pressed
2019-11-21 11:44:46,285: special: Key.left pressed
2019-11-21 11:44:46,315: special: Key.left pressed
2019-11-21 11:44:46,346: special: Key.left pressed
2019-11-21 11:44:46,376: special: Key.left pressed
2019-11-21 11:44:46,401: special: Key.left released
2019-11-21 11:44:46,707: special: Key.left pressed
2019-11-21 11:44:46,833: special: Key.left released
2019-11-21 11:44:47,514: special: Key.left pressed
2019-11-21 11:44:47,649: special: Key.left released
2019-11-21 11:44:47,898: special: Key.left pressed
2019-11-21 11:44:47,993: special: Key.left released
2019-11-21 11:44:48,121: special: Key.left pressed
2019-11-21 11:44:48,217: special: Key.left released
2019-11-21 11:44:48,321: special: Key.left pressed
2019-11-21 11:44:48,425: special: Key.left released
2019-11-21 11:44:48,521: special: Key.left pressed
2019-11-21 11:44:48,625: special: Key.left released
2019-11-21 11:44:48,747: special: Key.left pressed
2019-11-21 11:44:48,849: special: Key.left released
2019-11-21 11:44:48,978: special: Key.left pressed
2019-11-21 11:44:49,073: special: Key.left released
2019-11-21 11:44:49,177: special: Key.left pressed
2019-11-21 11:44:49,273: special: Key.left released
2019-11-21 11:44:49,377: special: Key.left pressed
2019-11-21 11:44:49,481: special: Key.left released
2019-11-21 11:44:49,577: special: Key.left pressed
2019-11-21 11:44:49,697: special: Key.left released
2019-11-21 11:44:49,786: special: Key.left pressed
2019-11-21 11:44:50,285: special: Key.left pressed
2019-11-21 11:44:50,316: special: Key.left pressed
2019-11-21 11:44:50,347: special: Key.left pressed
2019-11-21 11:44:50,376: special: Key.left pressed
2019-11-21 11:44:50,407: special: Key.left pressed
2019-11-21 11:44:50,438: special: Key.left pressed
2019-11-21 11:44:50,469: special: Key.left pressed
2019-11-21 11:44:50,499: special: Key.left pressed
2019-11-21 11:44:50,528: special: Key.left pressed
2019-11-21 11:44:50,559: special: Key.left pressed
2019-11-21 11:44:50,561: special: Key.left released
2019-11-21 11:44:50,737: special: Key.left pressed
2019-11-21 11:44:51,238: special: Key.left pressed
2019-11-21 11:44:51,268: special: Key.left pressed
2019-11-21 11:44:51,297: special: Key.left pressed
2019-11-21 11:44:51,328: special: Key.left pressed
2019-11-21 11:44:51,358: special: Key.left pressed
2019-11-21 11:44:51,388: special: Key.left pressed
2019-11-21 11:44:51,418: special: Key.left pressed
2019-11-21 11:44:51,448: special: Key.left pressed
2019-11-21 11:44:51,477: special: Key.left pressed
2019-11-21 11:44:51,508: special: Key.left pressed
2019-11-21 11:44:51,538: special: Key.left pressed
2019-11-21 11:44:51,545: special: Key.left released
2019-11-21 11:44:51,730: special: Key.left pressed
2019-11-21 11:44:52,230: special: Key.left pressed
2019-11-21 11:44:52,260: special: Key.left pressed
2019-11-21 11:44:52,290: special: Key.left pressed
2019-11-21 11:44:52,305: special: Key.left released
2019-11-21 11:44:52,433: special: Key.left pressed
2019-11-21 11:44:52,585: special: Key.left released
2019-11-21 11:44:52,689: special: Key.left pressed
2019-11-21 11:44:53,190: special: Key.left pressed
2019-11-21 11:44:53,219: special: Key.left pressed
2019-11-21 11:44:53,249: special: Key.left pressed
2019-11-21 11:44:53,280: special: Key.left pressed
2019-11-21 11:44:53,310: special: Key.left pressed
2019-11-21 11:44:53,341: special: Key.left pressed
2019-11-21 11:44:53,371: special: Key.left pressed
2019-11-21 11:44:53,401: special: Key.left pressed
2019-11-21 11:44:53,432: special: Key.left pressed
2019-11-21 11:44:53,462: special: Key.left pressed
2019-11-21 11:44:53,493: special: Key.left pressed
2019-11-21 11:44:53,523: special: Key.left pressed
2019-11-21 11:44:53,553: special: Key.left pressed
2019-11-21 11:44:53,583: special: Key.left pressed
2019-11-21 11:44:53,614: special: Key.left pressed
2019-11-21 11:44:53,644: special: Key.left pressed
2019-11-21 11:44:53,674: special: Key.left pressed
2019-11-21 11:44:53,705: special: Key.left pressed
2019-11-21 11:44:53,734: special: Key.left pressed
2019-11-21 11:44:53,765: special: Key.left pressed
2019-11-21 11:44:53,794: special: Key.left pressed
2019-11-21 11:44:53,824: special: Key.left pressed
2019-11-21 11:44:53,855: special: Key.left pressed
2019-11-21 11:44:53,873: special: Key.left released
2019-11-21 11:44:54,129: special: Key.right pressed
2019-11-21 11:44:54,353: special: Key.right released
2019-11-21 11:44:54,601: special: Key.right pressed
2019-11-21 11:44:54,697: special: Key.right released
2019-11-21 11:44:57,146: special: Key.right pressed
2019-11-21 11:44:57,369: special: Key.right released
2019-11-21 11:44:58,370: special: Key.right pressed
2019-11-21 11:44:58,513: special: Key.right released
2019-11-21 11:44:59,594: special: Key.right pressed
2019-11-21 11:45:00,094: special: Key.right pressed
2019-11-21 11:45:00,124: special: Key.right pressed
2019-11-21 11:45:00,153: special: Key.right pressed
2019-11-21 11:45:00,184: special: Key.right pressed
2019-11-21 11:45:00,215: special: Key.right pressed
2019-11-21 11:45:00,216: special: Key.right released
2019-11-21 11:45:00,922: special: Key.right pressed
2019-11-21 11:45:01,422: special: Key.right pressed
2019-11-21 11:45:01,452: special: Key.right pressed
2019-11-21 11:45:01,481: special: Key.right pressed
2019-11-21 11:45:01,511: special: Key.right pressed
2019-11-21 11:45:01,541: special: Key.right pressed
2019-11-21 11:45:01,572: special: Key.right pressed
2019-11-21 11:45:01,602: special: Key.right pressed
2019-11-21 11:45:01,632: special: Key.right pressed
2019-11-21 11:45:01,663: special: Key.right pressed
2019-11-21 11:45:01,693: special: Key.right pressed
2019-11-21 11:45:01,723: special: Key.right pressed
2019-11-21 11:45:01,753: special: Key.right pressed
2019-11-21 11:45:01,783: special: Key.right pressed
2019-11-21 11:45:01,814: special: Key.right pressed
2019-11-21 11:45:01,845: special: Key.right pressed
2019-11-21 11:45:01,875: special: Key.right pressed
2019-11-21 11:45:01,905: special: Key.right pressed
2019-11-21 11:45:01,936: special: Key.right pressed
2019-11-21 11:45:01,967: special: Key.right pressed
2019-11-21 11:45:01,997: special: Key.right pressed
2019-11-21 11:45:02,027: special: Key.right pressed
2019-11-21 11:45:02,057: special: Key.right pressed
2019-11-21 11:45:02,088: special: Key.right pressed
2019-11-21 11:45:02,118: special: Key.right pressed
2019-11-21 11:45:02,148: special: Key.right pressed
2019-11-21 11:45:02,179: special: Key.right pressed
2019-11-21 11:45:02,210: special: Key.right pressed
2019-11-21 11:45:02,240: special: Key.right pressed
2019-11-21 11:45:02,270: special: Key.right pressed
2019-11-21 11:45:02,301: special: Key.right pressed
2019-11-21 11:45:02,332: special: Key.right pressed
2019-11-21 11:45:02,361: special: Key.right pressed
2019-11-21 11:45:02,392: special: Key.right pressed
2019-11-21 11:45:02,421: special: Key.right pressed
2019-11-21 11:45:02,452: special: Key.right pressed
2019-11-21 11:45:02,482: special: Key.right pressed
2019-11-21 11:45:02,512: special: Key.right pressed
2019-11-21 11:45:02,542: special: Key.right pressed
2019-11-21 11:45:02,572: special: Key.right pressed
2019-11-21 11:45:02,603: special: Key.right pressed
2019-11-21 11:45:02,634: special: Key.right pressed
2019-11-21 11:45:02,665: special: Key.right pressed
2019-11-21 11:45:02,697: special: Key.right pressed
2019-11-21 11:45:02,727: special: Key.right pressed
2019-11-21 11:45:02,756: special: Key.right pressed
2019-11-21 11:45:02,787: special: Key.right pressed
2019-11-21 11:45:02,816: special: Key.right pressed
2019-11-21 11:45:02,847: special: Key.right pressed
2019-11-21 11:45:02,877: special: Key.right pressed
2019-11-21 11:45:02,907: special: Key.right pressed
2019-11-21 11:45:02,938: special: Key.right pressed
2019-11-21 11:45:02,969: special: Key.right pressed
2019-11-21 11:45:02,999: special: Key.right pressed
2019-11-21 11:45:03,029: special: Key.right pressed
2019-11-21 11:45:03,060: special: Key.right pressed
2019-11-21 11:45:03,090: special: Key.right pressed
2019-11-21 11:45:03,120: special: Key.right pressed
2019-11-21 11:45:03,150: special: Key.right pressed
2019-11-21 11:45:03,181: special: Key.right pressed
2019-11-21 11:45:03,211: special: Key.right pressed
2019-11-21 11:45:03,242: special: Key.right pressed
2019-11-21 11:45:03,272: special: Key.right pressed
2019-11-21 11:45:03,303: special: Key.right pressed
2019-11-21 11:45:03,333: special: Key.right pressed
2019-11-21 11:45:03,363: special: Key.right pressed
2019-11-21 11:45:03,393: special: Key.right pressed
2019-11-21 11:45:03,423: special: Key.right pressed
2019-11-21 11:45:03,453: special: Key.right pressed
2019-11-21 11:45:03,483: special: Key.right pressed
2019-11-21 11:45:03,513: special: Key.right pressed
2019-11-21 11:45:03,543: special: Key.right pressed
2019-11-21 11:45:03,574: special: Key.right pressed
2019-11-21 11:45:03,604: special: Key.right pressed
2019-11-21 11:45:03,634: special: Key.right pressed
2019-11-21 11:45:03,664: special: Key.right pressed
2019-11-21 11:45:03,695: special: Key.right pressed
2019-11-21 11:45:03,725: special: Key.right pressed
2019-11-21 11:45:03,755: special: Key.right pressed
2019-11-21 11:45:03,786: special: Key.right pressed
2019-11-21 11:45:03,817: special: Key.right pressed
2019-11-21 11:45:03,847: special: Key.right pressed
2019-11-21 11:45:03,878: special: Key.right pressed
2019-11-21 11:45:03,889: special: Key.right released
2019-11-21 11:45:04,154: special: Key.right pressed
2019-11-21 11:45:04,217: special: Key.right released
2019-11-21 11:45:04,570: special: Key.left pressed
2019-11-21 11:45:04,665: special: Key.left released
2019-11-21 11:45:05,378: m pressed
2019-11-21 11:45:05,473: m released
2019-11-21 11:45:07,907: special: Key.shift_r pressed
2019-11-21 11:45:08,017: H pressed
2019-11-21 11:45:08,105: H released
2019-11-21 11:45:08,129: special: Key.shift_r released
2019-11-21 11:45:08,218: u pressed
2019-11-21 11:45:08,289: u released
2019-11-21 11:45:08,289: m pressed
2019-11-21 11:45:08,353: m released
2019-11-21 11:45:08,457: p pressed
2019-11-21 11:45:08,537: p released
2019-11-21 11:45:08,609: t pressed
2019-11-21 11:45:08,698: t released
2019-11-21 11:45:08,802: y pressed
2019-11-21 11:45:08,865: y released
2019-11-21 11:45:08,889: special: Key.space pressed
2019-11-21 11:45:08,945: special: Key.space released
2019-11-21 11:45:09,081: special: Key.shift_r pressed
2019-11-21 11:45:09,177: D pressed
2019-11-21 11:45:09,226: special: Key.shift_r released
2019-11-21 11:45:09,361: d released
2019-11-21 11:45:09,409: u pressed
2019-11-21 11:45:09,473: u released
2019-11-21 11:45:09,577: m pressed
2019-11-21 11:45:09,641: m released
2019-11-21 11:45:09,745: p pressed
2019-11-21 11:45:09,841: p released
2019-11-21 11:45:10,009: t pressed
2019-11-21 11:45:10,049: y pressed
2019-11-21 11:45:10,072: t released
2019-11-21 11:45:10,144: y released
2019-11-21 11:45:11,346: special: Key.space pressed
2019-11-21 11:45:11,441: special: Key.space released
2019-11-21 11:45:12,130: s pressed
2019-11-21 11:45:12,169: a pressed
2019-11-21 11:45:12,201: s released
2019-11-21 11:45:12,289: a released
2019-11-21 11:45:12,329: t pressed
2019-11-21 11:45:12,409: t released
2019-11-21 11:45:12,545: special: Key.space pressed
2019-11-21 11:45:12,616: special: Key.space released
2019-11-21 11:45:12,777: o pressed
2019-11-21 11:45:12,857: n pressed
2019-11-21 11:45:12,881: o released
2019-11-21 11:45:12,928: n released
2019-11-21 11:45:13,033: a pressed
2019-11-21 11:45:13,145: a released
2019-11-21 11:45:13,233: special: Key.space pressed
2019-11-21 11:45:13,345: special: Key.space released
2019-11-21 11:45:13,505: w pressed
2019-11-21 11:45:13,569: w released
2019-11-21 11:45:13,705: a pressed
2019-11-21 11:45:13,817: a released
2019-11-21 11:45:13,817: l pressed
2019-11-21 11:45:13,873: l released
2019-11-21 11:45:13,961: l pressed
2019-11-21 11:45:14,049: l released
2019-11-21 11:45:14,458: , pressed
2019-11-21 11:45:14,545: , released
2019-11-21 11:45:15,137: special: Key.space pressed
2019-11-21 11:45:15,233: special: Key.space released
2019-11-21 11:45:15,562: special: Key.shift_r pressed
2019-11-21 11:45:15,970: H pressed
2019-11-21 11:45:16,041: H released
2019-11-21 11:45:16,065: special: Key.shift_r released
2019-11-21 11:45:16,233: u pressed
2019-11-21 11:45:16,289: u released
2019-11-21 11:45:16,402: m pressed
2019-11-21 11:45:16,465: m released
2019-11-21 11:45:16,585: p pressed
2019-11-21 11:45:16,680: p released
2019-11-21 11:45:16,714: t pressed
2019-11-21 11:45:16,777: t released
2019-11-21 11:45:16,889: y pressed
2019-11-21 11:45:16,969: y released
2019-11-21 11:45:17,033: special: Key.space pressed
2019-11-21 11:45:17,089: special: Key.space released
2019-11-21 11:45:17,249: special: Key.shift_r pressed
2019-11-21 11:45:17,337: D pressed
2019-11-21 11:45:17,377: special: Key.shift_r released
2019-11-21 11:45:17,417: d released
2019-11-21 11:45:17,561: u pressed
2019-11-21 11:45:17,632: u released
2019-11-21 11:45:17,737: m pressed
2019-11-21 11:45:17,801: m released
2019-11-21 11:45:17,913: p pressed
2019-11-21 11:45:18,000: p released
2019-11-21 11:45:18,033: t pressed
2019-11-21 11:45:18,089: y pressed
2019-11-21 11:45:18,112: t released
2019-11-21 11:45:18,208: y released
2019-11-21 11:45:18,249: special: Key.space pressed
2019-11-21 11:45:18,320: special: Key.space released
2019-11-21 11:45:19,522: h pressed
2019-11-21 11:45:19,601: h released
2019-11-21 11:45:19,625: a pressed
2019-11-21 11:45:19,745: a released
2019-11-21 11:45:19,777: d pressed
2019-11-21 11:45:19,857: d released
2019-11-21 11:45:19,905: special: Key.space pressed
2019-11-21 11:45:19,977: special: Key.space released
2019-11-21 11:45:20,001: a pressed
2019-11-21 11:45:20,081: a released
2019-11-21 11:45:20,105: special: Key.space pressed
2019-11-21 11:45:20,177: special: Key.space released
2019-11-21 11:45:20,273: g pressed
2019-11-21 11:45:20,409: g released
2019-11-21 11:45:20,554: r pressed
2019-11-21 11:45:20,697: r released
2019-11-21 11:45:20,793: e pressed
2019-11-21 11:45:20,857: e released
2019-11-21 11:45:21,017: a pressed
2019-11-21 11:45:21,161: a released
2019-11-21 11:45:21,161: t pressed
2019-11-21 11:45:21,216: t released
2019-11-21 11:45:21,361: special: Key.space pressed
2019-11-21 11:45:21,432: special: Key.space released
2019-11-21 11:45:21,457: f pressed
2019-11-21 11:45:21,513: f released
2019-11-21 11:45:21,593: a pressed
2019-11-21 11:45:21,713: a released
2019-11-21 11:45:21,754: l pressed
2019-11-21 11:45:21,833: l released
2019-11-21 11:45:21,937: l pressed
2019-11-21 11:45:22,025: l released
2019-11-21 11:45:23,642: . pressed
2019-11-21 11:45:23,706: . released
2019-11-21 11:45:23,849: special: Key.space pressed
2019-11-21 11:45:23,969: special: Key.space released
2019-11-21 11:45:24,250: special: Key.shift_r pressed
2019-11-21 11:45:24,401: A pressed
2019-11-21 11:45:24,473: special: Key.shift_r released
2019-11-21 11:45:24,488: a released
2019-11-21 11:45:24,649: l pressed
2019-11-21 11:45:24,721: l released
2019-11-21 11:45:24,801: l pressed
2019-11-21 11:45:24,864: l released
2019-11-21 11:45:24,985: special: Key.space pressed
2019-11-21 11:45:25,041: t pressed
2019-11-21 11:45:25,064: special: Key.space released
2019-11-21 11:45:25,112: t released
2019-11-21 11:45:25,161: h pressed
2019-11-21 11:45:25,225: e pressed
2019-11-21 11:45:25,248: h released
2019-11-21 11:45:25,312: e released
2019-11-21 11:45:25,345: special: Key.space pressed
2019-11-21 11:45:25,400: special: Key.space released
2019-11-21 11:45:25,529: k pressed
2019-11-21 11:45:25,641: k released
2019-11-21 11:45:25,698: i pressed
2019-11-21 11:45:25,786: n pressed
2019-11-21 11:45:25,825: i released
2019-11-21 11:45:25,872: n released
2019-11-21 11:45:25,937: g pressed
2019-11-21 11:45:26,008: g released
2019-11-21 11:45:26,233: ' pressed
2019-11-21 11:45:26,328: ' released
2019-11-21 11:45:26,361: s pressed
2019-11-21 11:45:26,440: s released
2019-11-21 11:45:26,505: special: Key.space pressed
2019-11-21 11:45:26,585: special: Key.space released
2019-11-21 11:45:27,506: h pressed
2019-11-21 11:45:27,577: o pressed
2019-11-21 11:45:27,626: h released
2019-11-21 11:45:27,697: o released
2019-11-21 11:45:27,721: r pressed
2019-11-21 11:45:27,760: r released
2019-11-21 11:45:27,897: s pressed
2019-11-21 11:45:28,104: s released
2019-11-21 11:45:28,105: e pressed
2019-11-21 11:45:28,128: e released
2019-11-21 11:45:28,217: s pressed
2019-11-21 11:45:28,352: s released
2019-11-21 11:45:28,473: special: Key.space pressed
2019-11-21 11:45:28,536: special: Key.space released
2019-11-21 11:45:30,258: a pressed
2019-11-21 11:45:30,352: a released
2019-11-21 11:45:30,401: n pressed
2019-11-21 11:45:30,488: n released
2019-11-21 11:45:30,521: d pressed
2019-11-21 11:45:30,592: d released
2019-11-21 11:45:30,698: special: Key.space pressed
2019-11-21 11:45:30,776: special: Key.space released
2019-11-21 11:45:30,889: a pressed
2019-11-21 11:45:30,992: a released
2019-11-21 11:45:31,017: l pressed
2019-11-21 11:45:31,064: l released
2019-11-21 11:45:31,145: l pressed
2019-11-21 11:45:31,216: l released
2019-11-21 11:45:31,345: special: Key.space pressed
2019-11-21 11:45:31,408: special: Key.space released
2019-11-21 11:45:31,425: t pressed
2019-11-21 11:45:31,488: t released
2019-11-21 11:45:31,545: h pressed
2019-11-21 11:45:31,608: h released
2019-11-21 11:45:31,609: e pressed
2019-11-21 11:45:31,672: e released
2019-11-21 11:45:31,714: special: Key.space pressed
2019-11-21 11:45:31,776: special: Key.space released
2019-11-21 11:45:31,993: k pressed
2019-11-21 11:45:32,089: i pressed
2019-11-21 11:45:32,168: k released
2019-11-21 11:45:32,200: i released
2019-11-21 11:45:32,297: n pressed
2019-11-21 11:45:32,376: n released
2019-11-21 11:45:32,401: g pressed
2019-11-21 11:45:32,480: g released
2019-11-21 11:45:32,882: ' pressed
2019-11-21 11:45:32,944: ' released
2019-11-21 11:45:32,977: s pressed
2019-11-21 11:45:33,056: s released
2019-11-21 11:45:33,105: special: Key.space pressed
2019-11-21 11:45:33,160: special: Key.space released
2019-11-21 11:45:33,297: m pressed
2019-11-21 11:45:33,368: m released
2019-11-21 11:45:33,385: e pressed
2019-11-21 11:45:33,472: e released
2019-11-21 11:45:33,529: n pressed
2019-11-21 11:45:33,608: n released
2019-11-21 11:45:34,442: special: Key.space pressed
2019-11-21 11:45:34,505: special: Key.space released
2019-11-21 11:45:34,730: special: Key.shift_r pressed
2019-11-21 11:45:34,834: C pressed
2019-11-21 11:45:34,905: special: Key.shift_r released
2019-11-21 11:45:34,928: c released
2019-11-21 11:45:35,009: o pressed
2019-11-21 11:45:35,064: o released
2019-11-21 11:45:35,169: u pressed
2019-11-21 11:45:35,240: u released
2019-11-21 11:45:35,377: l pressed
2019-11-21 11:45:35,448: l released
2019-11-21 11:45:35,473: d pressed
2019-11-21 11:45:35,552: d released
2019-11-21 11:45:35,601: n pressed
2019-11-21 11:45:35,688: n released
2019-11-21 11:45:35,769: t pressed
2019-11-21 11:45:35,841: t released
2019-11-21 11:45:36,041: ' pressed
2019-11-21 11:45:36,113: ' released
2019-11-21 11:45:36,569: t pressed
2019-11-21 11:45:36,648: t released
2019-11-21 11:45:36,802: special: Key.space pressed
2019-11-21 11:45:36,873: special: Key.space released
2019-11-21 11:45:38,442: special: Key.left pressed
2019-11-21 11:45:38,521: special: Key.left released
2019-11-21 11:45:38,641: special: Key.left pressed
2019-11-21 11:45:38,688: special: Key.left released
2019-11-21 11:45:38,850: special: Key.left pressed
2019-11-21 11:45:38,945: special: Key.left released
2019-11-21 11:45:39,065: special: Key.left pressed
2019-11-21 11:45:39,177: special: Key.left released
2019-11-21 11:45:39,417: special: Key.delete pressed
2019-11-21 11:45:39,568: special: Key.delete released
2019-11-21 11:45:39,673: special: Key.right pressed
2019-11-21 11:45:39,777: special: Key.right released
2019-11-21 11:45:39,882: special: Key.right pressed
2019-11-21 11:45:39,961: special: Key.right released
2019-11-21 11:45:40,057: special: Key.right pressed
2019-11-21 11:45:40,152: special: Key.right released
2019-11-21 11:45:40,265: special: Key.right pressed
2019-11-21 11:45:40,368: special: Key.right released
2019-11-21 11:45:41,410: p pressed
2019-11-21 11:45:41,456: p released
2019-11-21 11:45:41,649: u pressed
2019-11-21 11:45:41,729: u released
2019-11-21 11:45:41,769: t pressed
2019-11-21 11:45:41,848: t released
2019-11-21 11:45:41,889: special: Key.space pressed
2019-11-21 11:45:41,961: special: Key.space released
2019-11-21 11:45:42,370: special: Key.shift_r pressed
2019-11-21 11:45:42,617: H pressed
2019-11-21 11:45:42,697: H released
2019-11-21 11:45:42,722: special: Key.shift_r released
2019-11-21 11:45:42,849: u pressed
2019-11-21 11:45:42,912: u released
2019-11-21 11:45:43,009: m pressed
2019-11-21 11:45:43,080: m released
2019-11-21 11:45:43,177: p pressed
2019-11-21 11:45:43,256: t pressed
2019-11-21 11:45:43,280: p released
2019-11-21 11:45:43,368: t released
2019-11-21 11:45:43,369: y pressed
2019-11-21 11:45:43,448: y released
2019-11-21 11:45:43,472: special: Key.space pressed
2019-11-21 11:45:43,528: special: Key.space released
2019-11-21 11:45:44,290: t pressed
2019-11-21 11:45:44,368: t released
2019-11-21 11:45:44,392: o pressed
2019-11-21 11:45:44,472: o released
2019-11-21 11:45:44,769: g pressed
2019-11-21 11:45:44,848: g released
2019-11-21 11:45:44,897: e pressed
2019-11-21 11:45:44,976: e released
2019-11-21 11:45:45,073: t pressed
2019-11-21 11:45:45,144: t released
2019-11-21 11:45:45,249: h pressed
2019-11-21 11:45:45,296: e pressed
2019-11-21 11:45:45,320: h released
2019-11-21 11:45:45,384: r pressed
2019-11-21 11:45:45,408: e released
2019-11-21 11:45:45,544: r released
2019-11-21 11:45:45,545: special: Key.space pressed
2019-11-21 11:45:45,576: special: Key.space released
2019-11-21 11:45:45,600: a pressed
2019-11-21 11:45:45,672: a released
2019-11-21 11:45:45,793: g pressed
2019-11-21 11:45:45,880: g released
2019-11-21 11:45:45,929: a pressed
2019-11-21 11:45:46,033: a released
2019-11-21 11:45:46,057: i pressed
2019-11-21 11:45:46,121: n pressed
2019-11-21 11:45:46,168: i released
2019-11-21 11:45:46,216: n released
2019-11-21 11:45:46,385: . pressed
2019-11-21 11:45:46,472: . released
2019-11-21 11:45:48,889: special: Key.left pressed
2019-11-21 11:45:49,390: special: Key.left pressed
2019-11-21 11:45:49,419: special: Key.left pressed
2019-11-21 11:45:49,450: special: Key.left pressed
2019-11-21 11:45:49,481: special: Key.left pressed
2019-11-21 11:45:49,512: special: Key.left pressed
2019-11-21 11:45:49,543: special: Key.left pressed
2019-11-21 11:45:49,573: special: Key.left pressed
2019-11-21 11:45:49,603: special: Key.left pressed
2019-11-21 11:45:49,634: special: Key.left pressed
2019-11-21 11:45:49,664: special: Key.left pressed
2019-11-21 11:45:49,695: special: Key.left pressed
2019-11-21 11:45:49,725: special: Key.left pressed
2019-11-21 11:45:49,756: special: Key.left pressed
2019-11-21 11:45:49,786: special: Key.left pressed
2019-11-21 11:45:49,815: special: Key.left pressed
2019-11-21 11:45:49,846: special: Key.left pressed
2019-11-21 11:45:49,876: special: Key.left pressed
2019-11-21 11:45:49,906: special: Key.left pressed
2019-11-21 11:45:49,937: special: Key.left pressed
2019-11-21 11:45:49,968: special: Key.left pressed
2019-11-21 11:45:49,998: special: Key.left pressed
2019-11-21 11:45:50,028: special: Key.left pressed
2019-11-21 11:45:50,058: special: Key.left pressed
2019-11-21 11:45:50,089: special: Key.left pressed
2019-11-21 11:45:50,120: special: Key.left pressed
2019-11-21 11:45:50,150: special: Key.left pressed
2019-11-21 11:45:50,180: special: Key.left pressed
2019-11-21 11:45:50,211: special: Key.left pressed
2019-11-21 11:45:50,241: special: Key.left pressed
2019-11-21 11:45:50,272: special: Key.left pressed
2019-11-21 11:45:50,302: special: Key.left pressed
2019-11-21 11:45:50,333: special: Key.left pressed
2019-11-21 11:45:50,363: special: Key.left pressed
2019-11-21 11:45:50,394: special: Key.left pressed
2019-11-21 11:45:50,424: special: Key.left pressed
2019-11-21 11:45:50,455: special: Key.left pressed
2019-11-21 11:45:50,486: special: Key.left pressed
2019-11-21 11:45:50,517: special: Key.left pressed
2019-11-21 11:45:50,547: special: Key.left pressed
2019-11-21 11:45:50,577: special: Key.left pressed
2019-11-21 11:45:50,607: special: Key.left pressed
2019-11-21 11:45:50,638: special: Key.left pressed
2019-11-21 11:45:50,669: special: Key.left pressed
2019-11-21 11:45:50,700: special: Key.left pressed
2019-11-21 11:45:50,730: special: Key.left pressed
2019-11-21 11:45:50,761: special: Key.left pressed
2019-11-21 11:45:50,791: special: Key.left pressed
2019-11-21 11:45:50,821: special: Key.left pressed
2019-11-21 11:45:50,851: special: Key.left pressed
2019-11-21 11:45:50,882: special: Key.left pressed
2019-11-21 11:45:50,912: special: Key.left pressed
2019-11-21 11:45:50,943: special: Key.left pressed
2019-11-21 11:45:50,973: special: Key.left pressed
2019-11-21 11:45:51,002: special: Key.left pressed
2019-11-21 11:45:51,033: special: Key.left pressed
2019-11-21 11:45:51,063: special: Key.left pressed
2019-11-21 11:45:51,094: special: Key.left pressed
2019-11-21 11:45:51,124: special: Key.left pressed
2019-11-21 11:45:51,155: special: Key.left pressed
2019-11-21 11:45:51,185: special: Key.left pressed
2019-11-21 11:45:51,214: special: Key.left pressed
2019-11-21 11:45:51,244: special: Key.left pressed
2019-11-21 11:45:51,274: special: Key.left pressed
2019-11-21 11:45:51,305: special: Key.left pressed
2019-11-21 11:45:51,335: special: Key.left pressed
2019-11-21 11:45:51,365: special: Key.left pressed
2019-11-21 11:45:51,396: special: Key.left pressed
2019-11-21 11:45:51,427: special: Key.left pressed
2019-11-21 11:45:51,458: special: Key.left pressed
2019-11-21 11:45:51,488: special: Key.left pressed
2019-11-21 11:45:51,518: special: Key.left pressed
2019-11-21 11:45:51,548: special: Key.left pressed
2019-11-21 11:45:51,579: special: Key.left pressed
2019-11-21 11:45:51,608: special: Key.left pressed
2019-11-21 11:45:51,639: special: Key.left pressed
2019-11-21 11:45:51,669: special: Key.left pressed
2019-11-21 11:45:51,700: special: Key.left pressed
2019-11-21 11:45:51,730: special: Key.left pressed
2019-11-21 11:45:51,761: special: Key.left pressed
2019-11-21 11:45:51,790: special: Key.left pressed
2019-11-21 11:45:51,821: special: Key.left pressed
2019-11-21 11:45:51,851: special: Key.left pressed
2019-11-21 11:45:51,882: special: Key.left pressed
2019-11-21 11:45:51,913: special: Key.left pressed
2019-11-21 11:45:51,944: special: Key.left pressed
2019-11-21 11:45:51,973: special: Key.left pressed
2019-11-21 11:45:52,003: special: Key.left pressed
2019-11-21 11:45:52,033: special: Key.left pressed
2019-11-21 11:45:52,064: special: Key.left pressed
2019-11-21 11:45:52,093: special: Key.left pressed
2019-11-21 11:45:52,123: special: Key.left pressed
2019-11-21 11:45:52,155: special: Key.left pressed
2019-11-21 11:45:52,185: special: Key.left pressed
2019-11-21 11:45:52,215: special: Key.left pressed
2019-11-21 11:45:52,246: special: Key.left pressed
2019-11-21 11:45:52,276: special: Key.left pressed
2019-11-21 11:45:52,307: special: Key.left pressed
2019-11-21 11:45:52,336: special: Key.left pressed
2019-11-21 11:45:52,367: special: Key.left pressed
2019-11-21 11:45:52,396: special: Key.left pressed
2019-11-21 11:45:52,427: special: Key.left pressed
2019-11-21 11:45:52,457: special: Key.left pressed
2019-11-21 11:45:52,487: special: Key.left pressed
2019-11-21 11:45:52,517: special: Key.left pressed
2019-11-21 11:45:52,548: special: Key.left pressed
2019-11-21 11:45:52,578: special: Key.left pressed
2019-11-21 11:45:52,608: special: Key.left pressed
2019-11-21 11:45:52,639: special: Key.left pressed
2019-11-21 11:45:52,670: special: Key.left pressed
2019-11-21 11:45:52,700: special: Key.left pressed
2019-11-21 11:45:52,730: special: Key.left pressed
2019-11-21 11:45:52,760: special: Key.left pressed
2019-11-21 11:45:52,790: special: Key.left pressed
2019-11-21 11:45:52,821: special: Key.left pressed
2019-11-21 11:45:52,850: special: Key.left pressed
2019-11-21 11:45:52,880: special: Key.left pressed
2019-11-21 11:45:52,911: special: Key.left pressed
2019-11-21 11:45:52,941: special: Key.left pressed
2019-11-21 11:45:52,970: special: Key.left pressed
2019-11-21 11:45:53,001: special: Key.left pressed
2019-11-21 11:45:53,031: special: Key.left pressed
2019-11-21 11:45:53,060: special: Key.left pressed
2019-11-21 11:45:53,091: special: Key.left pressed
2019-11-21 11:45:53,120: special: Key.left pressed
2019-11-21 11:45:53,151: special: Key.left pressed
2019-11-21 11:45:53,182: special: Key.left pressed
2019-11-21 11:45:53,212: special: Key.left pressed
2019-11-21 11:45:53,242: special: Key.left pressed
2019-11-21 11:45:53,273: special: Key.left pressed
2019-11-21 11:45:53,303: special: Key.left pressed
2019-11-21 11:45:53,333: special: Key.left pressed
2019-11-21 11:45:53,363: special: Key.left pressed
2019-11-21 11:45:53,394: special: Key.left pressed
2019-11-21 11:45:53,425: special: Key.left pressed
2019-11-21 11:45:53,455: special: Key.left pressed
2019-11-21 11:45:53,486: special: Key.left pressed
2019-11-21 11:45:53,516: special: Key.left pressed
2019-11-21 11:45:53,546: special: Key.left pressed
2019-11-21 11:45:53,576: special: Key.left pressed
2019-11-21 11:45:53,606: special: Key.left pressed
2019-11-21 11:45:53,637: special: Key.left pressed
2019-11-21 11:45:53,667: special: Key.left pressed
2019-11-21 11:45:53,698: special: Key.left pressed
2019-11-21 11:45:53,728: special: Key.left pressed
2019-11-21 11:45:53,758: special: Key.left pressed
2019-11-21 11:45:53,788: special: Key.left pressed
2019-11-21 11:45:53,818: special: Key.left pressed
2019-11-21 11:45:53,848: special: Key.left pressed
2019-11-21 11:45:53,879: special: Key.left pressed
2019-11-21 11:45:53,909: special: Key.left pressed
2019-11-21 11:45:53,940: special: Key.left pressed
2019-11-21 11:45:53,970: special: Key.left pressed
2019-11-21 11:45:54,000: special: Key.left pressed
2019-11-21 11:45:54,031: special: Key.left pressed
2019-11-21 11:45:54,061: special: Key.left pressed
2019-11-21 11:45:54,092: special: Key.left pressed
2019-11-21 11:45:54,122: special: Key.left pressed
2019-11-21 11:45:54,153: special: Key.left pressed
2019-11-21 11:45:54,183: special: Key.left pressed
2019-11-21 11:45:54,215: special: Key.left pressed
2019-11-21 11:45:54,244: special: Key.left pressed
2019-11-21 11:45:54,275: special: Key.left pressed
2019-11-21 11:45:54,304: special: Key.left pressed
2019-11-21 11:45:54,335: special: Key.left pressed
2019-11-21 11:45:54,366: special: Key.left pressed
2019-11-21 11:45:54,368: special: Key.left released
2019-11-21 11:45:54,545: special: Key.right pressed
2019-11-21 11:45:55,047: special: Key.right pressed
2019-11-21 11:45:55,076: special: Key.right pressed
2019-11-21 11:45:55,107: special: Key.right pressed
2019-11-21 11:45:55,136: special: Key.right pressed
2019-11-21 11:45:55,167: special: Key.right pressed
2019-11-21 11:45:55,198: special: Key.right pressed
2019-11-21 11:45:55,230: special: Key.right pressed
2019-11-21 11:45:55,260: special: Key.right pressed
2019-11-21 11:45:55,290: special: Key.right pressed
2019-11-21 11:45:55,321: special: Key.right pressed
2019-11-21 11:45:55,351: special: Key.right pressed
2019-11-21 11:45:55,381: special: Key.right pressed
2019-11-21 11:45:55,412: special: Key.right pressed
2019-11-21 11:45:55,443: special: Key.right pressed
2019-11-21 11:45:55,474: special: Key.right pressed
2019-11-21 11:45:55,504: special: Key.right pressed
2019-11-21 11:45:55,534: special: Key.right pressed
2019-11-21 11:45:55,564: special: Key.right pressed
2019-11-21 11:45:55,594: special: Key.right pressed
2019-11-21 11:45:55,625: special: Key.right pressed
2019-11-21 11:45:55,655: special: Key.right pressed
2019-11-21 11:45:55,685: special: Key.right pressed
2019-11-21 11:45:55,716: special: Key.right pressed
2019-11-21 11:45:55,720: special: Key.right released
2019-11-21 11:45:55,865: special: Key.left pressed
2019-11-21 11:45:55,920: special: Key.left released
2019-11-21 11:45:56,016: special: Key.left pressed
2019-11-21 11:45:56,096: special: Key.left released
2019-11-21 11:45:56,185: special: Key.left pressed
2019-11-21 11:45:56,257: special: Key.left released
2019-11-21 11:45:56,336: special: Key.left pressed
2019-11-21 11:45:56,440: special: Key.left released
2019-11-21 11:45:56,689: special: Key.space pressed
2019-11-21 11:45:56,785: special: Key.space released
2019-11-21 11:45:58,458: special: Key.shift_r pressed
2019-11-21 11:45:58,553: T pressed
2019-11-21 11:45:58,624: T released
2019-11-21 11:45:58,648: special: Key.shift_r released
2019-11-21 11:45:58,761: w pressed
2019-11-21 11:45:58,832: w released
2019-11-21 11:45:58,912: i pressed
2019-11-21 11:45:58,992: n pressed
2019-11-21 11:45:59,016: i released
2019-11-21 11:45:59,152: n released
2019-11-21 11:45:59,642: k pressed
2019-11-21 11:45:59,688: k released
2019-11-21 11:45:59,737: l pressed
2019-11-21 11:45:59,824: l released
2019-11-21 11:45:59,929: e pressed
2019-11-21 11:46:00,033: e released
2019-11-21 11:46:00,057: , pressed
2019-11-21 11:46:00,112: , released
2019-11-21 11:46:00,241: special: Key.space pressed
2019-11-21 11:46:00,304: special: Key.space released
2019-11-21 11:46:01,113: t pressed
2019-11-21 11:46:01,176: t released
2019-11-21 11:46:01,313: w pressed
2019-11-21 11:46:01,409: w released
2019-11-21 11:46:01,433: i pressed
2019-11-21 11:46:01,504: n pressed
2019-11-21 11:46:01,528: i released
2019-11-21 11:46:01,584: n released
2019-11-21 11:46:02,353: k pressed
2019-11-21 11:46:02,465: k released
2019-11-21 11:46:02,488: l pressed
2019-11-21 11:46:02,576: l released
2019-11-21 11:46:02,689: e pressed
2019-11-21 11:46:02,833: e released
2019-11-21 11:46:03,184: special: Key.space pressed
2019-11-21 11:46:03,264: special: Key.space released
2019-11-21 11:46:03,857: special: Key.backspace pressed
2019-11-21 11:46:03,944: special: Key.backspace released
2019-11-21 11:46:04,441: , pressed
2019-11-21 11:46:04,496: , released
2019-11-21 11:46:04,913: special: Key.space pressed
2019-11-21 11:46:04,984: special: Key.space released
2019-11-21 11:46:05,112: l pressed
2019-11-21 11:46:05,168: l released
2019-11-21 11:46:05,337: i pressed
2019-11-21 11:46:05,368: i released
2019-11-21 11:46:05,369: t pressed
2019-11-21 11:46:05,432: t released
2019-11-21 11:46:05,553: t pressed
2019-11-21 11:46:05,624: t released
2019-11-21 11:46:05,664: l pressed
2019-11-21 11:46:05,745: l released
2019-11-21 11:46:05,776: e pressed
2019-11-21 11:46:05,840: e released
2019-11-21 11:46:05,880: special: Key.space pressed
2019-11-21 11:46:05,952: special: Key.space released
2019-11-21 11:46:06,033: s pressed
2019-11-21 11:46:06,152: s released
2019-11-21 11:46:06,240: t pressed
2019-11-21 11:46:06,312: t released
2019-11-21 11:46:06,336: a pressed
2019-11-21 11:46:06,424: r pressed
2019-11-21 11:46:06,448: a released
2019-11-21 11:46:06,497: r released
2019-11-21 11:46:07,881: , pressed
2019-11-21 11:46:07,944: , released
2019-11-21 11:46:08,121: special: Key.space pressed
2019-11-21 11:46:08,208: special: Key.space released
2019-11-21 11:46:08,514: special: Key.shift_r pressed
2019-11-21 11:46:08,706: H pressed
2019-11-21 11:46:08,761: special: Key.shift_r released
2019-11-21 11:46:08,784: h released
2019-11-21 11:46:08,889: o pressed
2019-11-21 11:46:08,960: o released
2019-11-21 11:46:09,008: w pressed
2019-11-21 11:46:09,104: w released
2019-11-21 11:46:09,144: special: Key.space pressed
2019-11-21 11:46:09,200: special: Key.space released
2019-11-21 11:46:09,321: special: Key.shift_r pressed
2019-11-21 11:46:09,424: I pressed
2019-11-21 11:46:09,473: special: Key.shift_r released
2019-11-21 11:46:09,488: i released
2019-11-21 11:46:09,609: special: Key.space pressed
2019-11-21 11:46:09,680: special: Key.space released
2019-11-21 11:46:09,945: w pressed
2019-11-21 11:46:10,040: w released
2019-11-21 11:46:10,064: o pressed
2019-11-21 11:46:10,112: n pressed
2019-11-21 11:46:10,152: o released
2019-11-21 11:46:10,184: n released
2019-11-21 11:46:10,256: d pressed
2019-11-21 11:46:10,352: d released
2019-11-21 11:46:10,432: e pressed
2019-11-21 11:46:10,440: e released
2019-11-21 11:46:10,472: r pressed
2019-11-21 11:46:10,562: r released
2019-11-21 11:46:10,609: special: Key.space pressed
2019-11-21 11:46:10,680: special: Key.space released
2019-11-21 11:46:11,217: w pressed
2019-11-21 11:46:11,304: w released
2019-11-21 11:46:11,344: h pressed
2019-11-21 11:46:11,416: h released
2019-11-21 11:46:11,464: a pressed
2019-11-21 11:46:11,560: a released
2019-11-21 11:46:11,577: t pressed
2019-11-21 11:46:11,640: t released
2019-11-21 11:46:11,793: special: Key.space pressed
2019-11-21 11:46:11,864: special: Key.space released
2019-11-21 11:46:13,145: y pressed
2019-11-21 11:46:13,225: o pressed
2019-11-21 11:46:13,248: y released
2019-11-21 11:46:13,288: u pressed
2019-11-21 11:46:13,336: o released
2019-11-21 11:46:13,360: u released
2019-11-21 11:46:13,521: special: Key.space pressed
2019-11-21 11:46:13,568: a pressed
2019-11-21 11:46:13,584: special: Key.space released
2019-11-21 11:46:13,672: a released
2019-11-21 11:46:13,705: r pressed
2019-11-21 11:46:13,776: e pressed
2019-11-21 11:46:13,800: r released
2019-11-21 11:46:13,848: e released
2019-11-21 11:46:14,057: special: Key.shift_r pressed
2019-11-21 11:46:14,192: ! pressed
2019-11-21 11:46:14,280: ! released
2019-11-21 11:46:14,304: special: Key.shift_r released
2019-11-21 11:46:14,480: special: Key.space pressed
2019-11-21 11:46:14,616: special: Key.space released
2019-11-21 11:46:14,842: special: Key.shift_r pressed
2019-11-21 11:46:15,209: U pressed
2019-11-21 11:46:15,272: special: Key.shift_r released
2019-11-21 11:46:15,273: u released
2019-11-21 11:46:15,369: p pressed
2019-11-21 11:46:15,432: p released
2019-11-21 11:46:15,576: special: Key.space pressed
2019-11-21 11:46:15,632: special: Key.space released
2019-11-21 11:46:15,673: a pressed
2019-11-21 11:46:15,753: a released
2019-11-21 11:46:15,776: b pressed
2019-11-21 11:46:15,888: b released
2019-11-21 11:46:15,944: o pressed
2019-11-21 11:46:16,016: o released
2019-11-21 11:46:16,080: v pressed
2019-11-21 11:46:16,200: v released
2019-11-21 11:46:16,224: e pressed
2019-11-21 11:46:16,280: e released
2019-11-21 11:46:16,336: special: Key.space pressed
2019-11-21 11:46:16,432: special: Key.space released
2019-11-21 11:46:20,178: t pressed
2019-11-21 11:46:20,248: t released
2019-11-21 11:46:20,288: h pressed
2019-11-21 11:46:20,352: h released
2019-11-21 11:46:20,408: e pressed
2019-11-21 11:46:20,496: e released
2019-11-21 11:46:20,737: special: Key.space pressed
2019-11-21 11:46:20,800: special: Key.space released
2019-11-21 11:46:20,880: w pressed
2019-11-21 11:46:20,952: w released
2019-11-21 11:46:21,144: o pressed
2019-11-21 11:46:21,224: o released
2019-11-21 11:46:21,248: r pressed
2019-11-21 11:46:21,320: r released
2019-11-21 11:46:21,376: l pressed
2019-11-21 11:46:21,448: l released
2019-11-21 11:46:21,504: d pressed
2019-11-21 11:46:21,584: d released
2019-11-21 11:46:21,922: special: Key.space pressed
2019-11-21 11:46:21,976: special: Key.space released
2019-11-21 11:46:23,114: s pressed
2019-11-21 11:46:23,208: o pressed
2019-11-21 11:46:23,232: s released
2019-11-21 11:46:23,280: o released
2019-11-21 11:46:23,408: special: Key.space pressed
2019-11-21 11:46:23,480: special: Key.space released
2019-11-21 11:46:23,664: h pressed
2019-11-21 11:46:23,738: i pressed
2019-11-21 11:46:23,768: h released
2019-11-21 11:46:23,816: i released
2019-11-21 11:46:23,849: g pressed
2019-11-21 11:46:23,928: g released
2019-11-21 11:46:23,952: h pressed
2019-11-21 11:46:24,024: h released
2019-11-21 11:46:25,562: , pressed
2019-11-21 11:46:25,632: , released
2019-11-21 11:46:25,688: special: Key.space pressed
2019-11-21 11:46:25,776: special: Key.space released
2019-11-21 11:46:25,809: special: Key.shift_r pressed
2019-11-21 11:46:25,953: L pressed
2019-11-21 11:46:26,032: special: Key.shift_r released
2019-11-21 11:46:26,033: l released
2019-11-21 11:46:26,144: i pressed
2019-11-21 11:46:26,216: i released
2019-11-21 11:46:26,376: k pressed
2019-11-21 11:46:26,456: k released
2019-11-21 11:46:26,504: e pressed
2019-11-21 11:46:26,600: e released
2019-11-21 11:46:26,680: special: Key.space pressed
2019-11-21 11:46:26,696: special: Key.space released
2019-11-21 11:46:26,760: a pressed
2019-11-21 11:46:26,848: a released
2019-11-21 11:46:26,872: special: Key.space pressed
2019-11-21 11:46:26,945: special: Key.space released
2019-11-21 11:46:26,992: d pressed
2019-11-21 11:46:27,056: d released
2019-11-21 11:46:27,120: i pressed
2019-11-21 11:46:27,192: i released
2019-11-21 11:46:27,584: a pressed
2019-11-21 11:46:27,688: a released
2019-11-21 11:46:27,729: m pressed
2019-11-21 11:46:27,816: m released
2019-11-21 11:46:27,888: o pressed
2019-11-21 11:46:27,985: n pressed
2019-11-21 11:46:28,008: o released
2019-11-21 11:46:28,072: n released
2019-11-21 11:46:28,753: d pressed
2019-11-21 11:46:28,856: d released
2019-11-21 11:46:28,977: special: Key.space pressed
2019-11-21 11:46:29,064: special: Key.space released
2019-11-21 11:46:29,529: i pressed
2019-11-21 11:46:29,608: n pressed
2019-11-21 11:46:29,648: i released
2019-11-21 11:46:29,688: n released
2019-11-21 11:46:29,825: special: Key.space pressed
2019-11-21 11:46:29,920: special: Key.space released
2019-11-21 11:46:29,944: t pressed
2019-11-21 11:46:30,048: t released
2019-11-21 11:46:30,160: h pressed
2019-11-21 11:46:30,176: h released
2019-11-21 11:46:30,208: e pressed
2019-11-21 11:46:30,264: e released
2019-11-21 11:46:30,320: special: Key.space pressed
2019-11-21 11:46:30,368: special: Key.space released
2019-11-21 11:46:30,504: s pressed
2019-11-21 11:46:30,608: s released
2019-11-21 11:46:31,297: k pressed
2019-11-21 11:46:31,376: k released
2019-11-21 11:46:31,424: y pressed
2019-11-21 11:46:31,496: y released
2019-11-21 11:46:31,560: . pressed
2019-11-21 11:46:31,640: . released
