Log for: Jerome
2019-11-19 14:49:08,286: special: Key.shift pressed
2019-11-19 14:49:08,596: T pressed
2019-11-19 14:49:08,668: T released
2019-11-19 14:49:08,724: special: Key.shift released
2019-11-19 14:49:08,836: h pressed
2019-11-19 14:49:08,923: h released
2019-11-19 14:49:08,948: e pressed
2019-11-19 14:49:09,020: special: Key.space pressed
2019-11-19 14:49:09,043: e released
2019-11-19 14:49:09,099: special: Key.space released
2019-11-19 14:49:09,156: i pressed
2019-11-19 14:49:09,260: i released
2019-11-19 14:49:09,300: s pressed
2019-11-19 14:49:09,412: t pressed
2019-11-19 14:49:09,443: s released
2019-11-19 14:49:09,467: t released
2019-11-19 14:49:09,876: special: Key.backspace pressed
2019-11-19 14:49:09,955: special: Key.backspace released
2019-11-19 14:49:10,028: special: Key.backspace pressed
2019-11-19 14:49:10,107: special: Key.backspace released
2019-11-19 14:49:10,628: t pressed
2019-11-19 14:49:10,732: t released
2019-11-19 14:49:10,860: s pressed
2019-11-19 14:49:10,939: s released
2019-11-19 14:49:11,020: y pressed
2019-11-19 14:49:11,035: y released
2019-11-19 14:49:11,188: special: Key.space pressed
2019-11-19 14:49:11,276: special: Key.space released
2019-11-19 14:49:11,548: b pressed
2019-11-19 14:49:11,628: b released
2019-11-19 14:49:11,652: i pressed
2019-11-19 14:49:11,740: i released
2019-11-19 14:49:11,804: t pressed
2019-11-19 14:49:11,923: t released
2019-11-19 14:49:12,124: s pressed
2019-11-19 14:49:12,203: s released
2019-11-19 14:49:12,356: y pressed
2019-11-19 14:49:12,427: y released
2019-11-19 14:49:12,500: special: Key.space pressed
2019-11-19 14:49:12,595: special: Key.space released
2019-11-19 14:49:12,708: s pressed
2019-11-19 14:49:12,819: s released
2019-11-19 14:49:12,844: p pressed
2019-11-19 14:49:12,915: p released
2019-11-19 14:49:13,084: i pressed
2019-11-19 14:49:13,123: i released
2019-11-19 14:49:13,196: d pressed
2019-11-19 14:49:13,267: d released
2019-11-19 14:49:13,380: e pressed
2019-11-19 14:49:13,452: r pressed
2019-11-19 14:49:13,507: e released
2019-11-19 14:49:13,531: special: Key.space pressed
2019-11-19 14:49:13,555: r released
2019-11-19 14:49:13,619: special: Key.space released
2019-11-19 14:49:13,748: c pressed
2019-11-19 14:49:13,812: l pressed
2019-11-19 14:49:13,835: c released
2019-11-19 14:49:13,899: l released
2019-11-19 14:49:13,980: i pressed
2019-11-19 14:49:14,083: i released
2019-11-19 14:49:14,108: m pressed
2019-11-19 14:49:14,219: m released
2019-11-19 14:49:14,340: b pressed
2019-11-19 14:49:14,403: b released
2019-11-19 14:49:14,500: e pressed
2019-11-19 14:49:14,579: e released
2019-11-19 14:49:14,692: d pressed
2019-11-19 14:49:14,780: special: Key.space pressed
2019-11-19 14:49:14,811: d released
2019-11-19 14:49:14,907: special: Key.space released
2019-11-19 14:49:14,940: u pressed
2019-11-19 14:49:14,995: u released
2019-11-19 14:49:15,052: p pressed
2019-11-19 14:49:15,147: p released
2019-11-19 14:49:15,148: special: Key.space pressed
2019-11-19 14:49:15,251: special: Key.space released
2019-11-19 14:49:15,292: t pressed
2019-11-19 14:49:15,372: t released
2019-11-19 14:49:15,372: h pressed
2019-11-19 14:49:15,443: h released
2019-11-19 14:49:15,468: e pressed
2019-11-19 14:49:15,540: special: Key.space pressed
2019-11-19 14:49:15,563: e released
2019-11-19 14:49:15,619: special: Key.space released
2019-11-19 14:49:15,708: s pressed
2019-11-19 14:49:15,803: s released
2019-11-19 14:49:15,828: p pressed
2019-11-19 14:49:15,891: p released
2019-11-19 14:49:16,108: special: Key.backspace pressed
2019-11-19 14:49:16,195: special: Key.backspace released
2019-11-19 14:49:16,284: special: Key.backspace pressed
2019-11-19 14:49:16,299: special: Key.backspace released
2019-11-19 14:49:16,388: w pressed
2019-11-19 14:49:16,428: w released
2019-11-19 14:49:16,756: a pressed
2019-11-19 14:49:16,859: a released
2019-11-19 14:49:17,052: t pressed
2019-11-19 14:49:17,139: t released
2019-11-19 14:49:17,228: e pressed
2019-11-19 14:49:17,300: r pressed
2019-11-19 14:49:17,355: e released
2019-11-19 14:49:17,387: r released
2019-11-19 14:49:17,508: s pressed
2019-11-19 14:49:17,556: p pressed
2019-11-19 14:49:17,603: s released
2019-11-19 14:49:17,651: p released
2019-11-19 14:49:17,748: o pressed
2019-11-19 14:49:17,860: i pressed
2019-11-19 14:49:17,883: o released
2019-11-19 14:49:17,971: i released
2019-11-19 14:49:18,284: special: Key.backspace pressed
2019-11-19 14:49:18,363: special: Key.backspace released
2019-11-19 14:49:18,484: u pressed
2019-11-19 14:49:18,547: u released
2019-11-19 14:49:18,620: t pressed
2019-11-19 14:49:18,676: t released
2019-11-19 14:49:19,092: . pressed
2019-11-19 14:49:19,155: . released
2019-11-19 14:49:19,548: special: Key.space pressed
2019-11-19 14:49:19,627: special: Key.space released
2019-11-19 14:49:19,740: special: Key.shift pressed
2019-11-19 14:49:19,964: D pressed
2019-11-19 14:49:20,051: D released
2019-11-19 14:49:20,099: special: Key.shift released
2019-11-19 14:49:20,148: o pressed
2019-11-19 14:49:20,219: o released
2019-11-19 14:49:20,268: w pressed
2019-11-19 14:49:20,331: w released
2019-11-19 14:49:20,388: n pressed
2019-11-19 14:49:20,459: n released
2019-11-19 14:49:20,876: special: Key.space pressed
2019-11-19 14:49:20,955: special: Key.space released
2019-11-19 14:49:21,308: c pressed
2019-11-19 14:49:21,371: c released
2019-11-19 14:49:21,412: a pressed
2019-11-19 14:49:21,508: a released
2019-11-19 14:49:21,532: m pressed
2019-11-19 14:49:21,595: m released
2019-11-19 14:49:21,652: e pressed
2019-11-19 14:49:21,731: e released
2019-11-19 14:49:21,811: special: Key.space pressed
2019-11-19 14:49:21,907: special: Key.space released
2019-11-19 14:49:22,236: t pressed
2019-11-19 14:49:22,291: t released
2019-11-19 14:49:22,340: h pressed
2019-11-19 14:49:22,427: h released
2019-11-19 14:49:22,428: e pressed
2019-11-19 14:49:22,475: special: Key.space pressed
2019-11-19 14:49:22,515: e released
2019-11-19 14:49:22,571: special: Key.space released
2019-11-19 14:49:22,652: r pressed
2019-11-19 14:49:22,755: r released
2019-11-19 14:49:22,796: a pressed
2019-11-19 14:49:22,875: a released
2019-11-19 14:49:22,892: i pressed
2019-11-19 14:49:22,947: n pressed
2019-11-19 14:49:23,003: i released
2019-11-19 14:49:23,051: n released
2019-11-19 14:49:23,076: special: Key.space pressed
2019-11-19 14:49:23,155: special: Key.space released
2019-11-19 14:49:23,179: a pressed
2019-11-19 14:49:23,275: a released
2019-11-19 14:49:23,307: n pressed
2019-11-19 14:49:23,379: d pressed
2019-11-19 14:49:23,403: n released
2019-11-19 14:49:23,451: special: Key.space pressed
2019-11-19 14:49:23,475: d released
2019-11-19 14:49:23,547: special: Key.space released
2019-11-19 14:49:23,596: w pressed
2019-11-19 14:49:23,675: w released
2019-11-19 14:49:23,772: a pressed
2019-11-19 14:49:23,867: a released
2019-11-19 14:49:24,019: s pressed
2019-11-19 14:49:24,043: s released
2019-11-19 14:49:24,067: h pressed
2019-11-19 14:49:24,155: h released
2019-11-19 14:49:24,204: e pressed
2019-11-19 14:49:24,275: e released
2019-11-19 14:49:24,372: d pressed
2019-11-19 14:49:24,436: special: Key.space pressed
2019-11-19 14:49:24,459: d released
2019-11-19 14:49:24,523: special: Key.space released
2019-11-19 14:49:24,548: t pressed
2019-11-19 14:49:24,628: t released
2019-11-19 14:49:24,644: h pressed
2019-11-19 14:49:24,708: e pressed
2019-11-19 14:49:24,755: h released
2019-11-19 14:49:24,779: e released
2019-11-19 14:49:24,804: special: Key.space pressed
2019-11-19 14:49:24,851: special: Key.space released
2019-11-19 14:49:25,076: s pressed
2019-11-19 14:49:25,171: s released
2019-11-19 14:49:25,172: p pressed
2019-11-19 14:49:25,259: p released
2019-11-19 14:49:25,428: d pressed
2019-11-19 14:49:25,491: d released
2019-11-19 14:49:25,531: i pressed
2019-11-19 14:49:25,587: i released
2019-11-19 14:49:25,788: special: Key.backspace pressed
2019-11-19 14:49:25,867: special: Key.backspace released
2019-11-19 14:49:25,924: special: Key.backspace pressed
2019-11-19 14:49:26,019: special: Key.backspace released
2019-11-19 14:49:26,180: i pressed
2019-11-19 14:49:26,235: i released
2019-11-19 14:49:26,251: d pressed
2019-11-19 14:49:26,331: d released
2019-11-19 14:49:26,459: e pressed
2019-11-19 14:49:26,539: r pressed
2019-11-19 14:49:26,563: e released
2019-11-19 14:49:26,595: r released
2019-11-19 14:49:26,748: special: Key.space pressed
2019-11-19 14:49:26,835: special: Key.space released
2019-11-19 14:49:26,891: o pressed
2019-11-19 14:49:26,979: u pressed
2019-11-19 14:49:27,011: o released
2019-11-19 14:49:27,043: t pressed
2019-11-19 14:49:27,075: u released
2019-11-19 14:49:27,123: t released
2019-11-19 14:49:27,251: . pressed
2019-11-19 14:49:27,323: . released
2019-11-19 14:49:28,308: special: Key.enter pressed
2019-11-19 14:49:28,371: special: Key.enter released
2019-11-19 14:49:31,949: special: Key.shift pressed
2019-11-19 14:49:32,060: M pressed
2019-11-19 14:49:32,195: M released
2019-11-19 14:49:32,219: special: Key.shift released
2019-11-19 14:49:32,300: a pressed
2019-11-19 14:49:32,420: r pressed
2019-11-19 14:49:32,451: a released
2019-11-19 14:49:32,531: r released
2019-11-19 14:49:32,587: y pressed
2019-11-19 14:49:32,651: y released
2019-11-19 14:49:32,724: special: Key.space pressed
2019-11-19 14:49:32,835: special: Key.space released
2019-11-19 14:49:33,068: h pressed
2019-11-19 14:49:33,139: h released
2019-11-19 14:49:33,164: a pressed
2019-11-19 14:49:33,259: a released
2019-11-19 14:49:33,348: d pressed
2019-11-19 14:49:33,451: d released
2019-11-19 14:49:33,484: special: Key.space pressed
2019-11-19 14:49:33,596: a pressed
2019-11-19 14:49:33,619: special: Key.space released
2019-11-19 14:49:33,716: special: Key.space pressed
2019-11-19 14:49:33,739: a released
2019-11-19 14:49:33,811: special: Key.space released
2019-11-19 14:49:33,852: l pressed
2019-11-19 14:49:33,939: l released
2019-11-19 14:49:34,020: i pressed
2019-11-19 14:49:34,083: i released
2019-11-19 14:49:34,107: t pressed
2019-11-19 14:49:34,131: t released
2019-11-19 14:49:34,219: t pressed
2019-11-19 14:49:34,299: t released
2019-11-19 14:49:34,339: l pressed
2019-11-19 14:49:34,411: l released
2019-11-19 14:49:34,444: e pressed
2019-11-19 14:49:34,507: special: Key.space pressed
2019-11-19 14:49:34,563: e released
2019-11-19 14:49:34,619: special: Key.space released
2019-11-19 14:49:34,732: l pressed
2019-11-19 14:49:34,763: l released
2019-11-19 14:49:35,012: a pressed
2019-11-19 14:49:35,115: a released
2019-11-19 14:49:35,196: m pressed
2019-11-19 14:49:35,275: m released
2019-11-19 14:49:35,356: b pressed
2019-11-19 14:49:35,435: b released
2019-11-19 14:49:35,676: , pressed
2019-11-19 14:49:35,755: , released
2019-11-19 14:49:35,948: special: Key.space pressed
2019-11-19 14:49:36,051: special: Key.space released
2019-11-19 14:49:36,340: special: Key.backspace pressed
2019-11-19 14:49:36,419: special: Key.backspace released
2019-11-19 14:49:36,724: special: Key.space pressed
2019-11-19 14:49:36,787: special: Key.space released
2019-11-19 14:49:36,909: special: Key.shift pressed
2019-11-19 14:49:37,348: W pressed
2019-11-19 14:49:37,443: W released
2019-11-19 14:49:37,467: special: Key.shift released
2019-11-19 14:49:37,556: h pressed
2019-11-19 14:49:37,635: h released
2019-11-19 14:49:37,716: o pressed
2019-11-19 14:49:37,771: o released
2019-11-19 14:49:37,827: s pressed
2019-11-19 14:49:37,923: s released
2019-11-19 14:49:37,996: e pressed
2019-11-19 14:49:38,084: special: Key.space pressed
2019-11-19 14:49:38,115: e released
2019-11-19 14:49:38,179: special: Key.space released
2019-11-19 14:49:38,427: f pressed
2019-11-19 14:49:38,515: f released
2019-11-19 14:49:38,563: l pressed
2019-11-19 14:49:38,643: l released
2019-11-19 14:49:38,675: e pressed
2019-11-19 14:49:38,748: e released
2019-11-19 14:49:38,876: e pressed
2019-11-19 14:49:38,892: e released
2019-11-19 14:49:39,052: c pressed
2019-11-19 14:49:39,131: c released
2019-11-19 14:49:39,179: e pressed
2019-11-19 14:49:39,283: e released
2019-11-19 14:49:39,355: special: Key.space pressed
2019-11-19 14:49:39,467: special: Key.space released
2019-11-19 14:49:39,507: w pressed
2019-11-19 14:49:39,611: w released
2019-11-19 14:49:39,716: a pressed
2019-11-19 14:49:39,755: s pressed
2019-11-19 14:49:39,843: special: Key.space pressed
2019-11-19 14:49:39,875: a released
2019-11-19 14:49:39,899: s released
2019-11-19 14:49:39,939: special: Key.space released
2019-11-19 14:49:40,068: w pressed
2019-11-19 14:49:40,171: w released
2019-11-19 14:49:40,203: h pressed
2019-11-19 14:49:40,251: h released
2019-11-19 14:49:40,339: i pressed
2019-11-19 14:49:40,419: i released
2019-11-19 14:49:40,451: t pressed
2019-11-19 14:49:40,531: t released
2019-11-19 14:49:40,604: e pressed
2019-11-19 14:49:40,691: special: Key.space pressed
2019-11-19 14:49:40,715: e released
2019-11-19 14:49:40,803: special: Key.space released
2019-11-19 14:49:40,884: a pressed
2019-11-19 14:49:40,907: s pressed
2019-11-19 14:49:41,020: special: Key.space pressed
2019-11-19 14:49:41,043: a released
2019-11-19 14:49:41,059: s released
2019-11-19 14:49:41,115: special: Key.space released
2019-11-19 14:49:41,267: s pressed
2019-11-19 14:49:41,347: s released
2019-11-19 14:49:41,379: n pressed
2019-11-19 14:49:41,467: n released
2019-11-19 14:49:41,579: o pressed
2019-11-19 14:49:41,667: o released
2019-11-19 14:49:41,715: w pressed
2019-11-19 14:49:41,819: w released
2019-11-19 14:49:42,060: . pressed
2019-11-19 14:49:42,115: . released
2019-11-19 14:49:42,540: special: Key.space pressed
2019-11-19 14:49:42,619: special: Key.space released
2019-11-19 14:49:42,684: special: Key.shift pressed
2019-11-19 14:49:43,068: A pressed
2019-11-19 14:49:43,147: A released
2019-11-19 14:49:43,187: special: Key.shift released
2019-11-19 14:49:43,284: n pressed
2019-11-19 14:49:43,371: n released
2019-11-19 14:49:43,395: d pressed
2019-11-19 14:49:43,467: d released
2019-11-19 14:49:43,643: special: Key.space pressed
2019-11-19 14:49:43,747: special: Key.space released
2019-11-19 14:49:43,948: e pressed
2019-11-19 14:49:44,035: e released
2019-11-19 14:49:44,124: v pressed
2019-11-19 14:49:44,187: v released
2019-11-19 14:49:44,284: e pressed
2019-11-19 14:49:44,347: r pressed
2019-11-19 14:49:44,403: e released
2019-11-19 14:49:44,435: r released
2019-11-19 14:49:44,491: y pressed
2019-11-19 14:49:44,579: y released
2019-11-19 14:49:44,627: w pressed
2019-11-19 14:49:44,715: w released
2019-11-19 14:49:44,780: h pressed
2019-11-19 14:49:44,867: h released
2019-11-19 14:49:44,979: e pressed
2019-11-19 14:49:45,003: r pressed
2019-11-19 14:49:45,027: e released
2019-11-19 14:49:45,059: r released
2019-11-19 14:49:45,420: special: Key.space pressed
2019-11-19 14:49:45,499: special: Key.space released
2019-11-19 14:49:45,563: t pressed
2019-11-19 14:49:45,659: t released
2019-11-19 14:49:45,675: h pressed
2019-11-19 14:49:45,747: h released
2019-11-19 14:49:45,795: a pressed
2019-11-19 14:49:45,883: t pressed
2019-11-19 14:49:45,947: special: Key.space pressed
2019-11-19 14:49:45,971: a released
2019-11-19 14:49:45,995: t released
2019-11-19 14:49:46,043: special: Key.space released
2019-11-19 14:49:46,284: special: Key.shift pressed
2019-11-19 14:49:46,379: M pressed
2019-11-19 14:49:46,451: special: Key.shift released
2019-11-19 14:49:46,475: m released
2019-11-19 14:49:46,555: a pressed
2019-11-19 14:49:46,659: r pressed
2019-11-19 14:49:46,739: a released
2019-11-19 14:49:46,763: r released
2019-11-19 14:49:46,795: y pressed
2019-11-19 14:49:46,883: y released
2019-11-19 14:49:46,947: special: Key.space pressed
2019-11-19 14:49:47,027: special: Key.space released
2019-11-19 14:49:47,276: w pressed
2019-11-19 14:49:47,371: w released
2019-11-19 14:49:47,395: e pressed
2019-11-19 14:49:47,467: e released
2019-11-19 14:49:47,531: n pressed
2019-11-19 14:49:47,635: n released
2019-11-19 14:49:47,763: t pressed
2019-11-19 14:49:47,875: special: Key.space pressed
2019-11-19 14:49:47,899: t released
2019-11-19 14:49:47,955: special: Key.space released
2019-11-19 14:49:48,228: special: Key.backspace pressed
2019-11-19 14:49:48,307: special: Key.backspace released
2019-11-19 14:49:48,484: , pressed
2019-11-19 14:49:48,531: , released
2019-11-19 14:49:48,972: special: Key.space pressed
2019-11-19 14:49:49,043: special: Key.space released
2019-11-19 14:49:50,292: special: Key.left pressed
2019-11-19 14:49:50,792: special: Key.left pressed
2019-11-19 14:49:50,821: special: Key.left pressed
2019-11-19 14:49:50,851: special: Key.left pressed
2019-11-19 14:49:50,882: special: Key.left pressed
2019-11-19 14:49:50,913: special: Key.left pressed
2019-11-19 14:49:50,944: special: Key.left pressed
2019-11-19 14:49:50,973: special: Key.left pressed
2019-11-19 14:49:51,003: special: Key.left pressed
2019-11-19 14:49:51,034: special: Key.left pressed
2019-11-19 14:49:51,064: special: Key.left pressed
2019-11-19 14:49:51,095: special: Key.left pressed
2019-11-19 14:49:51,125: special: Key.left pressed
2019-11-19 14:49:51,156: special: Key.left pressed
2019-11-19 14:49:51,185: special: Key.left pressed
2019-11-19 14:49:51,216: special: Key.left pressed
2019-11-19 14:49:51,219: special: Key.left released
2019-11-19 14:49:51,395: special: Key.left pressed
2019-11-19 14:49:51,475: special: Key.left released
2019-11-19 14:49:51,587: special: Key.left pressed
2019-11-19 14:49:51,619: special: Key.left released
2019-11-19 14:49:51,819: special: Key.right pressed
2019-11-19 14:49:51,899: special: Key.right released
2019-11-19 14:49:51,995: e pressed
2019-11-19 14:49:52,059: e released
2019-11-19 14:49:52,083: special: Key.right pressed
2019-11-19 14:49:52,584: special: Key.right pressed
2019-11-19 14:49:52,613: special: Key.right pressed
2019-11-19 14:49:52,643: special: Key.right pressed
2019-11-19 14:49:52,674: special: Key.right pressed
2019-11-19 14:49:52,705: special: Key.right pressed
2019-11-19 14:49:52,735: special: Key.right pressed
2019-11-19 14:49:52,766: special: Key.right pressed
2019-11-19 14:49:52,795: special: Key.right pressed
2019-11-19 14:49:52,826: special: Key.right pressed
2019-11-19 14:49:52,856: special: Key.right pressed
2019-11-19 14:49:52,887: special: Key.right pressed
2019-11-19 14:49:52,916: special: Key.right pressed
2019-11-19 14:49:52,947: special: Key.right pressed
2019-11-19 14:49:52,977: special: Key.right pressed
2019-11-19 14:49:53,007: special: Key.right pressed
2019-11-19 14:49:53,037: special: Key.right pressed
2019-11-19 14:49:53,068: special: Key.right pressed
2019-11-19 14:49:53,098: special: Key.right pressed
2019-11-19 14:49:53,115: special: Key.right released
2019-11-19 14:49:53,588: special: Key.left pressed
2019-11-19 14:49:53,675: special: Key.left released
2019-11-19 14:49:54,980: special: Key.space pressed
2019-11-19 14:49:55,083: special: Key.space released
2019-11-19 14:49:55,412: t pressed
2019-11-19 14:49:55,491: t released
2019-11-19 14:49:55,539: h pressed
2019-11-19 14:49:55,635: h released
2019-11-19 14:49:55,635: e pressed
2019-11-19 14:49:55,699: special: Key.space pressed
2019-11-19 14:49:55,739: e released
2019-11-19 14:49:55,787: special: Key.space released
2019-11-19 14:49:56,396: special: Key.backspace pressed
2019-11-19 14:49:56,459: special: Key.backspace released
2019-11-19 14:49:56,539: special: Key.backspace pressed
2019-11-19 14:49:56,627: special: Key.backspace released
2019-11-19 14:49:56,715: special: Key.backspace pressed
2019-11-19 14:49:56,779: special: Key.backspace released
2019-11-19 14:49:57,028: special: Key.shift pressed
2019-11-19 14:49:57,171: special: Key.shift released
2019-11-19 14:49:57,203: special: Key.backspace pressed
2019-11-19 14:49:57,219: special: Key.backspace released
2019-11-19 14:49:57,572: special: Key.shift pressed
2019-11-19 14:49:58,004: T pressed
2019-11-19 14:49:58,067: T released
2019-11-19 14:49:58,123: special: Key.shift released
2019-11-19 14:49:58,243: h pressed
2019-11-19 14:49:58,331: h released
2019-11-19 14:49:58,332: e pressed
2019-11-19 14:49:58,459: e released
2019-11-19 14:49:58,460: special: Key.space pressed
2019-11-19 14:49:58,507: special: Key.space released
2019-11-19 14:49:58,603: l pressed
2019-11-19 14:49:58,691: l released
2019-11-19 14:49:58,691: a pressed
2019-11-19 14:49:58,803: a released
2019-11-19 14:49:58,843: m pressed
2019-11-19 14:49:58,947: m released
2019-11-19 14:49:59,019: b pressed
2019-11-19 14:49:59,083: b released
2019-11-19 14:49:59,227: special: Key.space pressed
2019-11-19 14:49:59,323: special: Key.space released
2019-11-19 14:49:59,388: w pressed
2019-11-19 14:49:59,483: w released
2019-11-19 14:49:59,579: a pressed
2019-11-19 14:49:59,619: s pressed
2019-11-19 14:49:59,707: special: Key.space pressed
2019-11-19 14:49:59,739: a released
2019-11-19 14:49:59,763: s released
2019-11-19 14:49:59,811: special: Key.space released
2019-11-19 14:49:59,923: s pressed
2019-11-19 14:50:00,035: s released
2019-11-19 14:50:00,083: u pressed
2019-11-19 14:50:00,163: u released
2019-11-19 14:50:00,187: r pressed
2019-11-19 14:50:00,267: r released
2019-11-19 14:50:00,291: e pressed
2019-11-19 14:50:00,372: special: Key.space pressed
2019-11-19 14:50:00,395: e released
2019-11-19 14:50:00,467: special: Key.space released
2019-11-19 14:50:00,515: t pressed
2019-11-19 14:50:00,571: t released
2019-11-19 14:50:00,611: o pressed
2019-11-19 14:50:00,691: o released
2019-11-19 14:50:00,723: special: Key.space pressed
2019-11-19 14:50:00,803: special: Key.space released
2019-11-19 14:50:01,003: g pressed
2019-11-19 14:50:01,083: g released
2019-11-19 14:50:01,084: o pressed
2019-11-19 14:50:01,131: o released
2019-11-19 14:50:01,564: . pressed
2019-11-19 14:50:01,619: . released
2019-11-19 14:50:06,244: special: Key.backspace pressed
2019-11-19 14:50:06,259: special: Key.backspace released
2019-11-19 14:50:09,197: special: Key.shift pressed
2019-11-19 14:50:09,427: H pressed
2019-11-19 14:50:09,499: H released
2019-11-19 14:50:09,523: special: Key.shift released
2019-11-19 14:50:09,660: u pressed
2019-11-19 14:50:09,715: u released
2019-11-19 14:50:09,891: m pressed
2019-11-19 14:50:09,971: m released
2019-11-19 14:50:10,035: p pressed
2019-11-19 14:50:10,147: p released
2019-11-19 14:50:10,339: t pressed
2019-11-19 14:50:10,403: t released
2019-11-19 14:50:10,427: y pressed
2019-11-19 14:50:10,483: y released
2019-11-19 14:50:10,612: special: Key.space pressed
2019-11-19 14:50:10,715: special: Key.space released
2019-11-19 14:50:10,940: special: Key.shift pressed
2019-11-19 14:50:11,107: D pressed
2019-11-19 14:50:11,179: D released
2019-11-19 14:50:11,195: special: Key.shift released
2019-11-19 14:50:11,267: u pressed
2019-11-19 14:50:11,331: u released
2019-11-19 14:50:11,467: m pressed
2019-11-19 14:50:11,587: m released
2019-11-19 14:50:11,611: p pressed
2019-11-19 14:50:11,747: p released
2019-11-19 14:50:11,875: t pressed
2019-11-19 14:50:11,947: t released
2019-11-19 14:50:12,027: y pressed
2019-11-19 14:50:12,043: y released
2019-11-19 14:50:12,347: special: Key.space pressed
2019-11-19 14:50:12,451: special: Key.space released
2019-11-19 14:50:12,620: s pressed
2019-11-19 14:50:12,715: s released
2019-11-19 14:50:12,811: a pressed
2019-11-19 14:50:12,907: a released
2019-11-19 14:50:12,971: t pressed
2019-11-19 14:50:13,051: t released
2019-11-19 14:50:13,227: special: Key.space pressed
2019-11-19 14:50:13,323: special: Key.space released
2019-11-19 14:50:13,395: o pressed
2019-11-19 14:50:13,483: n pressed
2019-11-19 14:50:13,547: o released
2019-11-19 14:50:13,587: n released
2019-11-19 14:50:13,748: special: Key.space pressed
2019-11-19 14:50:13,891: special: Key.space released
2019-11-19 14:50:13,931: a pressed
2019-11-19 14:50:14,035: special: Key.space pressed
2019-11-19 14:50:14,067: a released
2019-11-19 14:50:14,131: special: Key.space released
2019-11-19 14:50:14,267: w pressed
2019-11-19 14:50:14,355: w released
2019-11-19 14:50:14,443: a pressed
2019-11-19 14:50:14,515: l pressed
2019-11-19 14:50:14,547: a released
2019-11-19 14:50:14,571: l released
2019-11-19 14:50:14,651: l pressed
2019-11-19 14:50:14,731: l released
2019-11-19 14:50:14,867: , pressed
2019-11-19 14:50:14,923: , released
2019-11-19 14:50:15,027: special: Key.space pressed
2019-11-19 14:50:15,115: special: Key.space released
2019-11-19 14:50:15,660: special: Key.shift pressed
2019-11-19 14:50:15,772: H pressed
2019-11-19 14:50:15,836: special: Key.shift released
2019-11-19 14:50:15,859: h released
2019-11-19 14:50:15,979: u pressed
2019-11-19 14:50:16,035: u released
2019-11-19 14:50:16,155: m pressed
2019-11-19 14:50:16,251: m released
2019-11-19 14:50:16,355: p pressed
2019-11-19 14:50:16,427: p released
2019-11-19 14:50:16,507: y pressed
2019-11-19 14:50:16,587: y released
2019-11-19 14:50:16,667: t pressed
2019-11-19 14:50:16,723: t released
2019-11-19 14:50:16,891: special: Key.backspace pressed
2019-11-19 14:50:16,971: special: Key.backspace released
2019-11-19 14:50:17,043: special: Key.backspace pressed
2019-11-19 14:50:17,123: special: Key.backspace released
2019-11-19 14:50:17,187: t pressed
2019-11-19 14:50:17,243: t released
2019-11-19 14:50:17,275: y pressed
2019-11-19 14:50:17,347: y released
2019-11-19 14:50:17,643: special: Key.space pressed
2019-11-19 14:50:17,739: special: Key.space released
2019-11-19 14:50:17,820: special: Key.shift pressed
2019-11-19 14:50:17,939: D pressed
2019-11-19 14:50:18,011: D released
2019-11-19 14:50:18,035: special: Key.shift released
2019-11-19 14:50:18,115: u pressed
2019-11-19 14:50:18,179: u released
2019-11-19 14:50:18,299: m pressed
2019-11-19 14:50:18,387: m released
2019-11-19 14:50:18,459: p pressed
2019-11-19 14:50:18,555: p released
2019-11-19 14:50:18,731: t pressed
2019-11-19 14:50:18,803: t released
2019-11-19 14:50:18,827: y pressed
2019-11-19 14:50:18,907: y released
2019-11-19 14:50:19,379: special: Key.space pressed
2019-11-19 14:50:19,491: special: Key.space released
2019-11-19 14:50:19,635: h pressed
2019-11-19 14:50:19,715: a pressed
2019-11-19 14:50:19,739: h released
2019-11-19 14:50:19,811: a released
2019-11-19 14:50:19,867: d pressed
2019-11-19 14:50:19,963: d released
2019-11-19 14:50:20,091: a pressed
2019-11-19 14:50:20,219: a released
2019-11-19 14:50:20,243: special: Key.space pressed
2019-11-19 14:50:20,347: special: Key.space released
2019-11-19 14:50:21,004: special: Key.backspace pressed
2019-11-19 14:50:21,075: special: Key.backspace released
2019-11-19 14:50:21,147: special: Key.backspace pressed
2019-11-19 14:50:21,235: special: Key.backspace released
2019-11-19 14:50:21,283: special: Key.space pressed
2019-11-19 14:50:21,371: special: Key.space released
2019-11-19 14:50:21,419: a pressed
2019-11-19 14:50:21,531: a released
2019-11-19 14:50:21,595: special: Key.space pressed
2019-11-19 14:50:21,651: special: Key.space released
2019-11-19 14:50:22,036: g pressed
2019-11-19 14:50:22,123: g released
2019-11-19 14:50:22,243: r pressed
2019-11-19 14:50:22,379: e pressed
2019-11-19 14:50:22,403: r released
2019-11-19 14:50:22,435: e released
2019-11-19 14:50:22,499: a pressed
2019-11-19 14:50:22,595: t pressed
2019-11-19 14:50:22,619: a released
2019-11-19 14:50:22,667: t released
2019-11-19 14:50:22,755: special: Key.space pressed
2019-11-19 14:50:22,859: special: Key.space released
2019-11-19 14:50:22,955: f pressed
2019-11-19 14:50:23,035: f released
2019-11-19 14:50:23,059: a pressed
2019-11-19 14:50:23,131: l pressed
2019-11-19 14:50:23,155: a released
2019-11-19 14:50:23,187: l released
2019-11-19 14:50:23,267: l pressed
2019-11-19 14:50:23,363: l released
2019-11-19 14:50:23,635: . pressed
2019-11-19 14:50:23,691: . released
2019-11-19 14:50:24,004: special: Key.space pressed
2019-11-19 14:50:24,091: special: Key.space released
2019-11-19 14:50:24,147: special: Key.shift pressed
2019-11-19 14:50:24,315: A pressed
2019-11-19 14:50:24,403: A released
2019-11-19 14:50:24,427: special: Key.shift released
2019-11-19 14:50:24,507: l pressed
2019-11-19 14:50:24,563: l released
2019-11-19 14:50:24,643: l pressed
2019-11-19 14:50:24,715: l released
2019-11-19 14:50:24,739: special: Key.space pressed
2019-11-19 14:50:24,819: special: Key.space released
2019-11-19 14:50:24,851: t pressed
2019-11-19 14:50:24,931: t released
2019-11-19 14:50:24,932: h pressed
2019-11-19 14:50:24,995: h released
2019-11-19 14:50:25,027: e pressed
2019-11-19 14:50:25,091: special: Key.space pressed
2019-11-19 14:50:25,115: e released
2019-11-19 14:50:25,163: special: Key.space released
2019-11-19 14:50:25,299: k pressed
2019-11-19 14:50:25,355: k released
2019-11-19 14:50:25,499: i pressed
2019-11-19 14:50:25,611: i released
2019-11-19 14:50:25,731: n pressed
2019-11-19 14:50:25,763: n released
2019-11-19 14:50:25,819: g pressed
2019-11-19 14:50:25,883: g released
2019-11-19 14:50:26,003: ' pressed
2019-11-19 14:50:26,099: ' released
2019-11-19 14:50:26,675: s pressed
2019-11-19 14:50:26,772: special: Key.space pressed
2019-11-19 14:50:26,803: s released
2019-11-19 14:50:26,867: special: Key.space released
2019-11-19 14:50:27,948: h pressed
2019-11-19 14:50:28,019: h released
2019-11-19 14:50:28,107: o pressed
2019-11-19 14:50:28,179: o released
2019-11-19 14:50:28,203: r pressed
2019-11-19 14:50:28,291: r released
2019-11-19 14:50:28,379: s pressed
2019-11-19 14:50:28,459: s released
2019-11-19 14:50:28,739: e pressed
2019-11-19 14:50:28,803: e released
2019-11-19 14:50:28,899: s pressed
2019-11-19 14:50:28,995: special: Key.space pressed
2019-11-19 14:50:29,019: s released
2019-11-19 14:50:29,091: special: Key.space released
2019-11-19 14:50:29,131: a pressed
2019-11-19 14:50:29,227: a released
2019-11-19 14:50:29,243: n pressed
2019-11-19 14:50:29,323: d pressed
2019-11-19 14:50:29,355: n released
2019-11-19 14:50:29,387: special: Key.space pressed
2019-11-19 14:50:29,418: d released
2019-11-19 14:50:29,475: special: Key.space released
2019-11-19 14:50:29,523: a pressed
2019-11-19 14:50:29,571: l pressed
2019-11-19 14:50:29,611: a released
2019-11-19 14:50:29,626: l released
2019-11-19 14:50:29,699: l pressed
2019-11-19 14:50:29,787: l released
2019-11-19 14:50:29,811: special: Key.space pressed
2019-11-19 14:50:29,875: special: Key.space released
2019-11-19 14:50:29,899: t pressed
2019-11-19 14:50:29,979: t released
2019-11-19 14:50:29,995: h pressed
2019-11-19 14:50:30,051: h released
2019-11-19 14:50:30,075: e pressed
2019-11-19 14:50:30,147: special: Key.space pressed
2019-11-19 14:50:30,187: e released
2019-11-19 14:50:30,218: special: Key.space released
2019-11-19 14:50:30,259: k pressed
2019-11-19 14:50:30,323: k released
2019-11-19 14:50:30,451: i pressed
2019-11-19 14:50:30,539: n pressed
2019-11-19 14:50:30,579: i released
2019-11-19 14:50:30,650: n released
2019-11-19 14:50:30,675: g pressed
2019-11-19 14:50:30,731: g released
2019-11-19 14:50:30,955: ' pressed
2019-11-19 14:50:31,059: ' released
2019-11-19 14:50:31,083: s pressed
2019-11-19 14:50:31,171: special: Key.space pressed
2019-11-19 14:50:31,219: s released
2019-11-19 14:50:31,274: special: Key.space released
2019-11-19 14:50:31,483: m pressed
2019-11-19 14:50:31,555: m released
2019-11-19 14:50:31,579: e pressed
2019-11-19 14:50:31,643: e released
2019-11-19 14:50:31,731: n pressed
2019-11-19 14:50:31,810: n released
2019-11-19 14:50:31,883: special: Key.space pressed
2019-11-19 14:50:31,987: special: Key.space released
2019-11-19 14:50:32,332: special: Key.shift pressed
2019-11-19 14:50:32,475: C pressed
2019-11-19 14:50:32,659: special: Key.shift released
2019-11-19 14:50:32,660: c released
2019-11-19 14:50:32,683: o pressed
2019-11-19 14:50:32,723: u pressed
2019-11-19 14:50:32,779: o released
2019-11-19 14:50:32,803: u released
2019-11-19 14:50:34,900: l pressed
2019-11-19 14:50:34,987: l released
2019-11-19 14:50:35,171: d pressed
2019-11-19 14:50:35,219: d released
2019-11-19 14:50:35,427: n pressed
2019-11-19 14:50:35,491: n released
2019-11-19 14:50:35,771: ' pressed
2019-11-19 14:50:35,883: ' released
2019-11-19 14:50:35,987: t pressed
2019-11-19 14:50:36,059: special: Key.space pressed
2019-11-19 14:50:36,107: t released
2019-11-19 14:50:36,171: special: Key.space released
2019-11-19 14:50:36,731: p pressed
2019-11-19 14:50:36,843: p released
2019-11-19 14:50:36,931: u pressed
2019-11-19 14:50:37,011: u released
2019-11-19 14:50:37,067: t pressed
2019-11-19 14:50:37,131: special: Key.space pressed
2019-11-19 14:50:37,187: t released
2019-11-19 14:50:37,227: special: Key.space released
2019-11-19 14:50:37,444: special: Key.shift pressed
2019-11-19 14:50:37,515: H pressed
2019-11-19 14:50:37,570: H released
2019-11-19 14:50:37,603: special: Key.shift released
2019-11-19 14:50:37,691: u pressed
2019-11-19 14:50:37,755: u released
2019-11-19 14:50:37,923: m pressed
2019-11-19 14:50:38,018: m released
2019-11-19 14:50:38,099: p pressed
2019-11-19 14:50:38,211: p released
2019-11-19 14:50:38,235: y pressed
2019-11-19 14:50:38,314: y released
2019-11-19 14:50:38,811: special: Key.backspace pressed
2019-11-19 14:50:38,947: special: Key.backspace released
2019-11-19 14:50:38,971: t pressed
2019-11-19 14:50:39,026: t released
2019-11-19 14:50:39,155: y pressed
2019-11-19 14:50:39,178: y released
2019-11-19 14:50:39,683: special: Key.space pressed
2019-11-19 14:50:39,771: special: Key.space released
2019-11-19 14:50:40,219: t pressed
2019-11-19 14:50:40,299: t released
2019-11-19 14:50:40,299: o pressed
2019-11-19 14:50:40,370: o released
2019-11-19 14:50:40,451: g pressed
2019-11-19 14:50:40,522: g released
2019-11-19 14:50:40,611: e pressed
2019-11-19 14:50:40,683: t pressed
2019-11-19 14:50:40,706: e released
2019-11-19 14:50:40,762: t released
2019-11-19 14:50:40,827: h pressed
2019-11-19 14:50:40,914: h released
2019-11-19 14:50:40,939: e pressed
2019-11-19 14:50:40,987: r pressed
2019-11-19 14:50:41,034: e released
2019-11-19 14:50:41,066: r released
2019-11-19 14:50:41,155: special: Key.space pressed
2019-11-19 14:50:41,259: special: Key.space released
2019-11-19 14:50:41,339: a pressed
2019-11-19 14:50:41,442: a released
2019-11-19 14:50:41,475: g pressed
2019-11-19 14:50:41,554: g released
2019-11-19 14:50:41,627: a pressed
2019-11-19 14:50:41,715: i pressed
2019-11-19 14:50:41,730: a released
2019-11-19 14:50:41,811: n pressed
2019-11-19 14:50:41,842: i released
2019-11-19 14:50:41,866: n released
2019-11-19 14:50:42,003: . pressed
2019-11-19 14:50:42,074: . released
2019-11-19 14:50:45,020: special: Key.shift pressed
2019-11-19 14:50:45,243: T pressed
2019-11-19 14:50:45,314: T released
2019-11-19 14:50:45,364: special: Key.shift released
2019-11-19 14:50:45,507: w pressed
2019-11-19 14:50:45,579: w released
2019-11-19 14:50:45,619: i pressed
2019-11-19 14:50:45,698: i released
2019-11-19 14:50:45,795: n pressed
2019-11-19 14:50:45,882: n released
2019-11-19 14:50:46,331: k pressed
2019-11-19 14:50:46,411: k released
2019-11-19 14:50:46,467: e pressed
2019-11-19 14:50:46,522: e released
2019-11-19 14:50:46,563: l pressed
2019-11-19 14:50:46,626: l released
2019-11-19 14:50:47,067: special: Key.backspace pressed
2019-11-19 14:50:47,122: special: Key.backspace released
2019-11-19 14:50:47,187: special: Key.backspace pressed
2019-11-19 14:50:47,266: special: Key.backspace released
2019-11-19 14:50:47,395: l pressed
2019-11-19 14:50:47,475: l released
2019-11-19 14:50:47,507: e pressed
2019-11-19 14:50:47,562: e released
2019-11-19 14:50:47,747: , pressed
2019-11-19 14:50:47,811: , released
2019-11-19 14:50:47,939: special: Key.space pressed
2019-11-19 14:50:48,042: special: Key.space released
2019-11-19 14:50:48,163: t pressed
2019-11-19 14:50:48,234: t released
2019-11-19 14:50:48,267: i pressed
2019-11-19 14:50:48,355: i released
2019-11-19 14:50:48,475: w pressed
2019-11-19 14:50:48,555: w released
2019-11-19 14:50:48,907: special: Key.backspace pressed
2019-11-19 14:50:48,987: special: Key.backspace released
2019-11-19 14:50:49,051: special: Key.backspace pressed
2019-11-19 14:50:49,130: special: Key.backspace released
2019-11-19 14:50:49,155: w pressed
2019-11-19 14:50:49,251: w released
2019-11-19 14:50:49,275: i pressed
2019-11-19 14:50:49,331: n pressed
2019-11-19 14:50:49,386: i released
2019-11-19 14:50:49,410: n released
2019-11-19 14:50:49,547: k pressed
2019-11-19 14:50:49,611: k released
2019-11-19 14:50:49,707: e pressed
2019-11-19 14:50:49,787: e released
2019-11-19 14:50:49,787: l pressed
2019-11-19 14:50:49,851: l released
2019-11-19 14:50:50,043: special: Key.backspace pressed
2019-11-19 14:50:50,114: special: Key.backspace released
2019-11-19 14:50:50,187: special: Key.backspace pressed
2019-11-19 14:50:50,250: special: Key.backspace released
2019-11-19 14:50:50,371: l pressed
2019-11-19 14:50:50,451: l released
2019-11-19 14:50:50,483: e pressed
2019-11-19 14:50:50,539: e released
2019-11-19 14:50:50,699: , pressed
2019-11-19 14:50:50,779: , released
2019-11-19 14:50:50,843: special: Key.space pressed
2019-11-19 14:50:50,906: special: Key.space released
2019-11-19 14:50:50,979: l pressed
2019-11-19 14:50:51,042: l released
2019-11-19 14:50:51,139: i pressed
2019-11-19 14:50:51,202: i released
2019-11-19 14:50:51,235: t pressed
2019-11-19 14:50:51,290: t released
2019-11-19 14:50:51,371: t pressed
2019-11-19 14:50:51,435: t released
2019-11-19 14:50:51,491: l pressed
2019-11-19 14:50:51,555: e pressed
2019-11-19 14:50:51,578: l released
2019-11-19 14:50:51,651: special: Key.space pressed
2019-11-19 14:50:51,699: e released
2019-11-19 14:50:51,762: special: Key.space released
2019-11-19 14:50:52,043: s pressed
2019-11-19 14:50:52,090: s released
2019-11-19 14:50:52,595: t pressed
2019-11-19 14:50:52,707: t released
2019-11-19 14:50:52,747: a pressed
2019-11-19 14:50:52,843: r pressed
2019-11-19 14:50:52,866: a released
2019-11-19 14:50:52,938: r released
2019-11-19 14:50:53,243: , pressed
2019-11-19 14:50:53,298: , released
2019-11-19 14:50:53,867: special: Key.space pressed
2019-11-19 14:50:53,947: special: Key.space released
2019-11-19 14:50:54,219: special: Key.shift pressed
2019-11-19 14:50:54,331: H pressed
2019-11-19 14:50:54,395: special: Key.shift released
2019-11-19 14:50:54,418: h released
2019-11-19 14:50:54,539: o pressed
2019-11-19 14:50:54,619: o released
2019-11-19 14:50:54,643: w pressed
2019-11-19 14:50:54,731: special: Key.space pressed
2019-11-19 14:50:54,762: w released
2019-11-19 14:50:54,850: special: Key.space released
2019-11-19 14:50:54,996: special: Key.shift pressed
2019-11-19 14:50:55,067: I pressed
2019-11-19 14:50:55,138: I released
2019-11-19 14:50:55,162: special: Key.shift released
2019-11-19 14:50:55,227: special: Key.space pressed
2019-11-19 14:50:55,314: special: Key.space released
2019-11-19 14:50:55,347: w pressed
2019-11-19 14:50:55,434: w released
2019-11-19 14:50:55,459: o pressed
2019-11-19 14:50:55,531: n pressed
2019-11-19 14:50:55,563: o released
2019-11-19 14:50:55,627: n released
2019-11-19 14:50:55,659: d pressed
2019-11-19 14:50:55,739: d released
2019-11-19 14:50:55,851: e pressed
2019-11-19 14:50:55,923: r pressed
2019-11-19 14:50:55,970: e released
2019-11-19 14:50:55,995: special: Key.space pressed
2019-11-19 14:50:56,042: r released
2019-11-19 14:50:56,074: special: Key.space released
2019-11-19 14:50:56,155: w pressed
2019-11-19 14:50:56,242: w released
2019-11-19 14:50:56,267: h pressed
2019-11-19 14:50:56,338: h released
2019-11-19 14:50:56,363: a pressed
2019-11-19 14:50:56,427: t pressed
2019-11-19 14:50:56,458: a released
2019-11-19 14:50:56,514: t released
2019-11-19 14:50:56,659: special: Key.space pressed
2019-11-19 14:50:56,755: special: Key.space released
2019-11-19 14:50:56,843: y pressed
2019-11-19 14:50:56,922: y released
2019-11-19 14:50:56,995: o pressed
2019-11-19 14:50:57,059: u pressed
2019-11-19 14:50:57,114: o released
2019-11-19 14:50:57,131: special: Key.space pressed
2019-11-19 14:50:57,154: u released
2019-11-19 14:50:57,218: special: Key.space released
2019-11-19 14:50:57,291: a pressed
2019-11-19 14:50:57,395: r pressed
2019-11-19 14:50:57,418: a released
2019-11-19 14:50:57,506: r released
2019-11-19 14:50:57,603: e pressed
2019-11-19 14:50:57,690: e released
2019-11-19 14:50:57,811: special: Key.shift pressed
2019-11-19 14:50:57,963: ! pressed
2019-11-19 14:50:58,058: ! released
2019-11-19 14:50:58,131: special: Key.shift released
2019-11-19 14:50:58,451: special: Key.space pressed
2019-11-19 14:50:58,546: special: Key.space released
2019-11-19 14:50:58,724: special: Key.shift pressed
2019-11-19 14:50:59,403: U pressed
2019-11-19 14:50:59,491: special: Key.shift released
2019-11-19 14:50:59,514: u released
2019-11-19 14:50:59,675: p pressed
2019-11-19 14:50:59,771: p released
2019-11-19 14:50:59,843: special: Key.space pressed
2019-11-19 14:50:59,922: special: Key.space released
2019-11-19 14:51:00,067: a pressed
2019-11-19 14:51:00,170: a released
2019-11-19 14:51:00,547: b pressed
2019-11-19 14:51:00,626: b released
2019-11-19 14:51:00,723: o pressed
2019-11-19 14:51:00,826: o released
2019-11-19 14:51:00,851: v pressed
2019-11-19 14:51:00,970: v released
2019-11-19 14:51:01,083: e pressed
2019-11-19 14:51:01,147: special: Key.space pressed
2019-11-19 14:51:01,202: e released
2019-11-19 14:51:01,250: special: Key.space released
2019-11-19 14:51:01,251: t pressed
2019-11-19 14:51:01,330: t released
2019-11-19 14:51:01,355: h pressed
2019-11-19 14:51:01,434: h released
2019-11-19 14:51:01,459: e pressed
2019-11-19 14:51:01,483: special: Key.space pressed
2019-11-19 14:51:01,506: e released
2019-11-19 14:51:01,602: special: Key.space released
2019-11-19 14:51:02,187: w pressed
2019-11-19 14:51:02,258: w released
2019-11-19 14:51:02,283: o pressed
2019-11-19 14:51:02,362: o released
2019-11-19 14:51:02,419: r pressed
2019-11-19 14:51:02,482: r released
2019-11-19 14:51:02,899: l pressed
2019-11-19 14:51:02,994: l released
2019-11-19 14:51:03,075: d pressed
2019-11-19 14:51:03,099: special: Key.space pressed
2019-11-19 14:51:03,122: d released
2019-11-19 14:51:03,170: special: Key.space released
2019-11-19 14:51:03,291: s pressed
2019-11-19 14:51:03,363: o pressed
2019-11-19 14:51:03,386: s released
2019-11-19 14:51:03,434: o released
2019-11-19 14:51:03,499: special: Key.space pressed
2019-11-19 14:51:03,594: special: Key.space released
2019-11-19 14:51:03,635: h pressed
2019-11-19 14:51:03,699: h released
2019-11-19 14:51:03,771: i pressed
2019-11-19 14:51:03,842: i released
2019-11-19 14:51:03,899: g pressed
2019-11-19 14:51:03,970: g released
2019-11-19 14:51:03,995: h pressed
2019-11-19 14:51:04,042: h released
2019-11-19 14:51:04,211: , pressed
2019-11-19 14:51:04,282: , released
2019-11-19 14:51:04,395: special: Key.space pressed
2019-11-19 14:51:04,498: special: Key.space released
2019-11-19 14:51:04,611: special: Key.shift pressed
2019-11-19 14:51:04,707: L pressed
2019-11-19 14:51:04,787: L released
2019-11-19 14:51:04,811: special: Key.shift released
2019-11-19 14:51:04,923: i pressed
2019-11-19 14:51:04,978: i released
2019-11-19 14:51:05,083: k pressed
2019-11-19 14:51:05,162: k released
2019-11-19 14:51:05,635: e pressed
2019-11-19 14:51:05,731: special: Key.space pressed
2019-11-19 14:51:05,754: e released
2019-11-19 14:51:05,843: special: Key.space released
2019-11-19 14:51:05,891: a pressed
2019-11-19 14:51:06,011: special: Key.space pressed
2019-11-19 14:51:06,042: a released
2019-11-19 14:51:06,114: special: Key.space released
2019-11-19 14:51:06,443: d pressed
2019-11-19 14:51:06,514: d released
2019-11-19 14:51:06,539: i pressed
2019-11-19 14:51:06,618: i released
2019-11-19 14:51:06,658: a pressed
2019-11-19 14:51:06,746: a released
2019-11-19 14:51:06,795: m pressed
2019-11-19 14:51:06,883: m released
2019-11-19 14:51:07,083: o pressed
2019-11-19 14:51:07,155: n pressed
2019-11-19 14:51:07,218: o released
2019-11-19 14:51:07,258: n released
2019-11-19 14:51:07,283: d pressed
2019-11-19 14:51:07,386: d released
2019-11-19 14:51:07,387: special: Key.space pressed
2019-11-19 14:51:07,482: special: Key.space released
2019-11-19 14:51:07,547: i pressed
2019-11-19 14:51:07,611: n pressed
2019-11-19 14:51:07,658: i released
2019-11-19 14:51:07,698: n released
2019-11-19 14:51:07,723: special: Key.space pressed
2019-11-19 14:51:07,802: special: Key.space released
2019-11-19 14:51:07,827: t pressed
2019-11-19 14:51:07,906: t released
2019-11-19 14:51:07,907: h pressed
2019-11-19 14:51:07,986: h released
2019-11-19 14:51:08,051: special: Key.space pressed
2019-11-19 14:51:08,154: special: Key.space released
2019-11-19 14:51:08,395: special: Key.backspace pressed
2019-11-19 14:51:08,474: special: Key.backspace released
2019-11-19 14:51:08,499: e pressed
2019-11-19 14:51:08,539: special: Key.space pressed
2019-11-19 14:51:08,586: e released
2019-11-19 14:51:08,634: special: Key.space released
2019-11-19 14:51:08,739: s pressed
2019-11-19 14:51:08,827: s released
2019-11-19 14:51:08,827: k pressed
2019-11-19 14:51:08,891: k released
2019-11-19 14:51:09,019: y pressed
2019-11-19 14:51:09,082: y released
2019-11-19 14:51:09,267: . pressed
2019-11-19 14:51:09,306: . released
2019-11-19 14:51:13,603: special: Key.space pressed
2019-11-19 14:51:13,682: special: Key.space released
